0 verbose cli C:\Program Files\nodejs\node.exe C:\Users\FearCleevan\AppData\Roaming\npm\node_modules\npm\bin\npm-cli.js
1 info using npm@11.4.2
2 info using node@v22.17.0
3 silly config load:file:C:\Users\FearCleevan\AppData\Roaming\npm\node_modules\npm\npmrc
4 silly config load:file:C:\Users\FearCleevan\Desktop\Projects\rentapp\.npmrc
5 silly config load:file:C:\Users\FearCleevan\.npmrc
6 silly config load:file:C:\Users\FearCleevan\AppData\Roaming\npm\etc\npmrc
7 verbose title npm install
8 verbose argv "install"
9 verbose logfile logs-max:10 dir:C:\Users\FearCleevan\Desktop\Projects\rentapp\.npm-cache\_logs\2026-03-21T08_35_07_419Z-
10 verbose logfile C:\Users\FearCleevan\Desktop\Projects\rentapp\.npm-cache\_logs\2026-03-21T08_35_07_419Z-debug-0.log
11 silly logfile done cleaning log files
12 silly packumentCache heap:4345298944 maxSize:1086324736 maxEntrySize:543162368
13 silly idealTree buildDeps
14 silly fetch manifest react-dom@^16.8 || ^17.0 || ^18.0 || ^19.0 || ^19.0.0-rc
15 silly packumentCache full:https://registry.npmjs.org/react-dom cache-miss
16 http cache https://registry.npmjs.org/react-dom 219ms (cache hit)
17 silly packumentCache full:https://registry.npmjs.org/react-dom set size:8705519 disposed:false
18 silly fetch manifest react@^16.8 || ^17.0 || ^18.0 || ^19.0 || ^19.0.0-rc
19 silly packumentCache full:https://registry.npmjs.org/react cache-miss
20 http cache https://registry.npmjs.org/react 21ms (cache hit)
21 silly packumentCache full:https://registry.npmjs.org/react set size:6555426 disposed:false
22 silly placeDep ROOT react-dom@19.2.4 CONFLICT for: @radix-ui/react-collection@1.1.7 want: ^16.8 || ^17.0 || ^18.0 || ^19.0 || ^19.0.0-rc
23 warn ERESOLVE overriding peer dependency {
23 warn ERESOLVE   code: 'ERESOLVE',
23 warn ERESOLVE   edge: {
23 warn ERESOLVE     type: 'peer',
23 warn ERESOLVE     name: 'react',
23 warn ERESOLVE     spec: '^19.2.4',
23 warn ERESOLVE     error: 'INVALID',
23 warn ERESOLVE     from: {
23 warn ERESOLVE       name: 'react-dom',
23 warn ERESOLVE       version: '19.2.4',
23 warn ERESOLVE       location: 'node_modules/react-dom',
23 warn ERESOLVE       isWorkspace: false,
23 warn ERESOLVE       dependents: [Array]
23 warn ERESOLVE     }
23 warn ERESOLVE   },
23 warn ERESOLVE   dep: {
23 warn ERESOLVE     name: 'react',
23 warn ERESOLVE     version: '19.2.4',
23 warn ERESOLVE     whileInstalling: {
23 warn ERESOLVE       name: '@radix-ui/react-collection',
23 warn ERESOLVE       version: '1.1.7',
23 warn ERESOLVE       path: 'C:\\Users\\FearCleevan\\Desktop\\Projects\\rentapp\\node_modules\\@radix-ui\\react-collection'
23 warn ERESOLVE     },
23 warn ERESOLVE     location: 'node_modules/react',
23 warn ERESOLVE     isWorkspace: false,
23 warn ERESOLVE     dependents: [ [Object] ]
23 warn ERESOLVE   },
23 warn ERESOLVE   force: false,
23 warn ERESOLVE   isMine: false,
23 warn ERESOLVE   strictPeerDeps: false,
23 warn ERESOLVE   current: {
23 warn ERESOLVE     name: 'react',
23 warn ERESOLVE     version: '19.1.0',
23 warn ERESOLVE     location: 'node_modules/react',
23 warn ERESOLVE     isWorkspace: false,
23 warn ERESOLVE     dependents: [ [Object] ]
23 warn ERESOLVE   },
23 warn ERESOLVE   peerConflict: {
23 warn ERESOLVE     name: 'react',
23 warn ERESOLVE     version: '19.1.0',
23 warn ERESOLVE     location: 'node_modules/react',
23 warn ERESOLVE     isWorkspace: false,
23 warn ERESOLVE     dependents: [ [Object] ]
23 warn ERESOLVE   }
23 warn ERESOLVE }
24 silly fetch manifest react@^19.2.4
25 silly packumentCache full:https://registry.npmjs.org/react cache-miss
26 silly fetch manifest scheduler@^0.27.0
27 silly packumentCache full:https://registry.npmjs.org/scheduler cache-miss
28 http cache https://registry.npmjs.org/scheduler 14ms (cache hit)
29 silly packumentCache full:https://registry.npmjs.org/scheduler set size:5439752 disposed:false
30 http cache https://registry.npmjs.org/react 54ms (cache hit)
31 silly packumentCache full:https://registry.npmjs.org/react set size:6555426 disposed:false
32 silly fetch manifest tailwindcss@>3.3.0
33 silly packumentCache full:https://registry.npmjs.org/tailwindcss cache-miss
34 http cache https://registry.npmjs.org/tailwindcss 21ms (cache hit)
35 silly packumentCache full:https://registry.npmjs.org/tailwindcss set size:10288447 disposed:false
36 silly placeDep ROOT tailwindcss@4.2.2 OK for: nativewind@4.2.3 want: >3.3.0
37 silly placeDep node_modules/react-dom scheduler@0.27.0 OK for: react-dom@19.2.4 want: ^0.27.0
38 silly fetch manifest tailwindcss@~3
39 silly packumentCache full:https://registry.npmjs.org/tailwindcss cache-miss
40 http cache https://registry.npmjs.org/tailwindcss 25ms (cache hit)
41 silly packumentCache full:https://registry.npmjs.org/tailwindcss set size:10288447 disposed:false
42 silly placeDep ROOT tailwindcss@3.4.19 REPLACE for: react-native-css-interop@0.2.3 want: ~3
43 silly fetch manifest dlv@^1.1.3
44 silly packumentCache full:https://registry.npmjs.org/dlv cache-miss
45 silly fetch manifest jiti@^1.21.7
46 silly packumentCache full:https://registry.npmjs.org/jiti cache-miss
47 silly fetch manifest is-glob@^4.0.3
48 silly packumentCache full:https://registry.npmjs.org/is-glob cache-miss
49 silly fetch manifest chokidar@^3.6.0
50 silly packumentCache full:https://registry.npmjs.org/chokidar cache-miss
51 silly fetch manifest fast-glob@^3.3.2
52 silly packumentCache full:https://registry.npmjs.org/fast-glob cache-miss
53 silly fetch manifest lilconfig@^3.1.3
54 silly packumentCache full:https://registry.npmjs.org/lilconfig cache-miss
55 silly fetch manifest didyoumean@^1.2.2
56 silly packumentCache full:https://registry.npmjs.org/didyoumean cache-miss
57 silly fetch manifest postcss-js@^4.0.1
58 silly packumentCache full:https://registry.npmjs.org/postcss-js cache-miss
59 silly fetch manifest glob-parent@^6.0.2
60 silly packumentCache full:https://registry.npmjs.org/glob-parent cache-miss
61 silly fetch manifest object-hash@^3.0.0
62 silly packumentCache full:https://registry.npmjs.org/object-hash cache-miss
63 silly fetch manifest postcss-import@^15.1.0
64 silly packumentCache full:https://registry.npmjs.org/postcss-import cache-miss
65 http fetch GET 200 https://registry.npmjs.org/dlv 366ms (cache miss)
66 silly packumentCache full:https://registry.npmjs.org/dlv set size:undefined disposed:false
67 silly fetch manifest postcss-nested@^6.2.0
68 silly packumentCache full:https://registry.npmjs.org/postcss-nested cache-miss
69 http fetch GET 200 https://registry.npmjs.org/didyoumean 367ms (cache miss)
70 silly packumentCache full:https://registry.npmjs.org/didyoumean set size:undefined disposed:false
71 silly fetch manifest @alloc/quick-lru@^5.2.0
72 silly packumentCache full:https://registry.npmjs.org/@alloc%2fquick-lru cache-miss
73 http fetch GET 200 https://registry.npmjs.org/glob-parent 373ms (cache miss)
74 silly packumentCache full:https://registry.npmjs.org/glob-parent set size:undefined disposed:false
75 silly fetch manifest postcss-load-config@^4.0.2 || ^5.0 || ^6.0
76 silly packumentCache full:https://registry.npmjs.org/postcss-load-config cache-miss
77 http fetch GET 200 https://registry.npmjs.org/postcss-js 377ms (cache miss)
78 silly packumentCache full:https://registry.npmjs.org/postcss-js set size:undefined disposed:false
79 silly fetch manifest postcss-selector-parser@^6.1.2
80 silly packumentCache full:https://registry.npmjs.org/postcss-selector-parser cache-miss
81 http fetch GET 200 https://registry.npmjs.org/is-glob 383ms (cache miss)
82 silly packumentCache full:https://registry.npmjs.org/is-glob set size:undefined disposed:false
83 http fetch GET 200 https://registry.npmjs.org/lilconfig 384ms (cache miss)
84 silly packumentCache full:https://registry.npmjs.org/lilconfig set size:undefined disposed:false
85 http fetch GET 200 https://registry.npmjs.org/object-hash 399ms (cache miss)
86 silly packumentCache full:https://registry.npmjs.org/object-hash set size:undefined disposed:false
87 http fetch GET 200 https://registry.npmjs.org/fast-glob 403ms (cache miss)
88 silly packumentCache full:https://registry.npmjs.org/fast-glob set size:undefined disposed:false
89 http fetch GET 200 https://registry.npmjs.org/chokidar 407ms (cache miss)
90 silly packumentCache full:https://registry.npmjs.org/chokidar set size:undefined disposed:false
91 http fetch GET 200 https://registry.npmjs.org/jiti 412ms (cache miss)
92 silly packumentCache full:https://registry.npmjs.org/jiti set size:undefined disposed:false
93 http fetch GET 200 https://registry.npmjs.org/postcss-load-config 75ms (cache miss)
94 silly packumentCache full:https://registry.npmjs.org/postcss-load-config set size:undefined disposed:false
95 http fetch GET 200 https://registry.npmjs.org/@alloc%2fquick-lru 88ms (cache miss)
96 silly packumentCache full:https://registry.npmjs.org/@alloc%2fquick-lru set size:undefined disposed:false
97 http fetch GET 200 https://registry.npmjs.org/postcss-import 504ms (cache miss)
98 silly packumentCache full:https://registry.npmjs.org/postcss-import set size:undefined disposed:false
99 http fetch GET 200 https://registry.npmjs.org/postcss-nested 276ms (cache miss)
100 silly packumentCache full:https://registry.npmjs.org/postcss-nested set size:undefined disposed:false
101 http fetch GET 200 https://registry.npmjs.org/postcss-selector-parser 380ms (cache miss)
102 silly packumentCache full:https://registry.npmjs.org/postcss-selector-parser set size:undefined disposed:false
103 silly fetch manifest postcss@^8.4.47
104 silly packumentCache full:https://registry.npmjs.org/postcss cache-miss
105 http fetch GET 200 https://registry.npmjs.org/postcss 144ms (cache miss)
106 silly packumentCache full:https://registry.npmjs.org/postcss set size:undefined disposed:false
107 silly fetch manifest tsx@^4.8.1
108 silly packumentCache full:https://registry.npmjs.org/tsx cache-miss
109 http fetch GET 200 https://registry.npmjs.org/tsx 100ms (cache miss)
110 silly packumentCache full:https://registry.npmjs.org/tsx set size:undefined disposed:false
111 silly fetch manifest yaml@^2.4.2
112 silly packumentCache full:https://registry.npmjs.org/yaml cache-miss
113 http fetch GET 200 https://registry.npmjs.org/yaml 125ms (cache miss)
114 silly packumentCache full:https://registry.npmjs.org/yaml set size:undefined disposed:false
115 silly placeDep ROOT @alloc/quick-lru@5.2.0 OK for: tailwindcss@3.4.19 want: ^5.2.0
116 silly placeDep ROOT chokidar@3.6.0 OK for: tailwindcss@3.4.19 want: ^3.6.0
117 silly placeDep ROOT didyoumean@1.2.2 OK for: tailwindcss@3.4.19 want: ^1.2.2
118 silly placeDep ROOT dlv@1.1.3 OK for: tailwindcss@3.4.19 want: ^1.1.3
119 silly placeDep ROOT fast-glob@3.3.3 OK for: tailwindcss@3.4.19 want: ^3.3.2
120 silly placeDep ROOT glob-parent@6.0.2 OK for: tailwindcss@3.4.19 want: ^6.0.2
121 silly placeDep ROOT is-glob@4.0.3 OK for: tailwindcss@3.4.19 want: ^4.0.3
122 silly placeDep ROOT jiti@1.21.7 OK for: tailwindcss@3.4.19 want: ^1.21.7
123 silly placeDep ROOT lilconfig@3.1.3 OK for: tailwindcss@3.4.19 want: ^3.1.3
124 silly placeDep ROOT object-hash@3.0.0 OK for: tailwindcss@3.4.19 want: ^3.0.0
125 silly placeDep ROOT postcss-import@15.1.0 OK for: tailwindcss@3.4.19 want: ^15.1.0
126 silly placeDep ROOT postcss-js@4.1.0 OK for: tailwindcss@3.4.19 want: ^4.0.1
127 silly placeDep ROOT postcss-load-config@6.0.1 OK for: tailwindcss@3.4.19 want: ^4.0.2 || ^5.0 || ^6.0
128 silly placeDep ROOT postcss-nested@6.2.0 OK for: tailwindcss@3.4.19 want: ^6.2.0
129 silly placeDep ROOT postcss-selector-parser@6.1.2 OK for: tailwindcss@3.4.19 want: ^6.1.2
130 silly fetch manifest is-glob@~4.0.1
131 silly packumentCache full:https://registry.npmjs.org/is-glob cache-miss
132 silly fetch manifest readdirp@~3.6.0
133 silly packumentCache full:https://registry.npmjs.org/readdirp cache-miss
134 silly fetch manifest glob-parent@~5.1.2
135 silly packumentCache full:https://registry.npmjs.org/glob-parent cache-miss
136 silly fetch manifest is-binary-path@~2.1.0
137 silly packumentCache full:https://registry.npmjs.org/is-binary-path cache-miss
138 silly fetch manifest @nodelib/fs.stat@^2.0.2
139 silly packumentCache full:https://registry.npmjs.org/@nodelib%2ffs.stat cache-miss
140 silly fetch manifest @nodelib/fs.walk@^1.2.3
141 silly packumentCache full:https://registry.npmjs.org/@nodelib%2ffs.walk cache-miss
142 silly fetch manifest glob-parent@^5.1.2
143 silly packumentCache full:https://registry.npmjs.org/glob-parent cache-miss
144 silly fetch manifest merge2@^1.3.0
145 silly packumentCache full:https://registry.npmjs.org/merge2 cache-miss
146 silly fetch manifest is-extglob@^2.1.1
147 silly packumentCache full:https://registry.npmjs.org/is-extglob cache-miss
148 silly fetch manifest read-cache@^1.0.0
149 silly packumentCache full:https://registry.npmjs.org/read-cache cache-miss
150 silly fetch manifest postcss-value-parser@^4.0.0
151 silly packumentCache full:https://registry.npmjs.org/postcss-value-parser cache-miss
152 http cache https://registry.npmjs.org/is-glob 41ms (cache hit)
153 silly packumentCache full:https://registry.npmjs.org/is-glob set size:40530 disposed:false
154 silly fetch manifest camelcase-css@^2.0.1
155 silly packumentCache full:https://registry.npmjs.org/camelcase-css cache-miss
156 http cache https://registry.npmjs.org/glob-parent 44ms (cache hit)
157 silly packumentCache full:https://registry.npmjs.org/glob-parent set size:42445 disposed:false
158 silly fetch manifest postcss-selector-parser@^6.1.1
159 silly packumentCache full:https://registry.npmjs.org/postcss-selector-parser cache-miss
160 http cache https://registry.npmjs.org/glob-parent 51ms (cache hit)
161 silly packumentCache full:https://registry.npmjs.org/glob-parent set size:42445 disposed:false
162 silly packumentCache full:https://registry.npmjs.org/glob-parent dispose
163 silly fetch manifest cssesc@^3.0.0
164 silly packumentCache full:https://registry.npmjs.org/cssesc cache-miss
165 http cache https://registry.npmjs.org/postcss-selector-parser 13ms (cache hit)
166 silly packumentCache full:https://registry.npmjs.org/postcss-selector-parser set size:177140 disposed:false
167 silly fetch manifest util-deprecate@^1.0.2
168 silly packumentCache full:https://registry.npmjs.org/util-deprecate cache-miss
169 http fetch GET 200 https://registry.npmjs.org/is-extglob 82ms (cache miss)
170 silly packumentCache full:https://registry.npmjs.org/is-extglob set size:undefined disposed:false
171 http fetch GET 200 https://registry.npmjs.org/readdirp 90ms (cache miss)
172 silly packumentCache full:https://registry.npmjs.org/readdirp set size:undefined disposed:false
173 http fetch GET 200 https://registry.npmjs.org/postcss-value-parser 89ms (cache miss)
174 silly packumentCache full:https://registry.npmjs.org/postcss-value-parser set size:undefined disposed:false
175 http fetch GET 200 https://registry.npmjs.org/is-binary-path 108ms (cache miss)
176 silly packumentCache full:https://registry.npmjs.org/is-binary-path set size:undefined disposed:false
177 http fetch GET 200 https://registry.npmjs.org/merge2 108ms (cache miss)
178 silly packumentCache full:https://registry.npmjs.org/merge2 set size:undefined disposed:false
179 http fetch GET 200 https://registry.npmjs.org/@nodelib%2ffs.stat 112ms (cache miss)
180 silly packumentCache full:https://registry.npmjs.org/@nodelib%2ffs.stat set size:undefined disposed:false
181 http fetch GET 200 https://registry.npmjs.org/read-cache 116ms (cache miss)
182 silly packumentCache full:https://registry.npmjs.org/read-cache set size:undefined disposed:false
183 http fetch GET 200 https://registry.npmjs.org/camelcase-css 78ms (cache miss)
184 silly packumentCache full:https://registry.npmjs.org/camelcase-css set size:undefined disposed:false
185 http fetch GET 200 https://registry.npmjs.org/@nodelib%2ffs.walk 121ms (cache miss)
186 silly packumentCache full:https://registry.npmjs.org/@nodelib%2ffs.walk set size:undefined disposed:false
187 http fetch GET 200 https://registry.npmjs.org/util-deprecate 75ms (cache miss)
188 silly packumentCache full:https://registry.npmjs.org/util-deprecate set size:undefined disposed:false
189 http fetch GET 200 https://registry.npmjs.org/cssesc 86ms (cache miss)
190 silly packumentCache full:https://registry.npmjs.org/cssesc set size:undefined disposed:false
191 silly placeDep node_modules/chokidar glob-parent@5.1.2 OK for: chokidar@3.6.0 want: ~5.1.2
192 silly placeDep ROOT is-binary-path@2.1.0 OK for: chokidar@3.6.0 want: ~2.1.0
193 silly placeDep ROOT readdirp@3.6.0 OK for: chokidar@3.6.0 want: ~3.6.0
194 silly fetch manifest binary-extensions@^2.0.0
195 silly packumentCache full:https://registry.npmjs.org/binary-extensions cache-miss
196 silly fetch manifest picomatch@^2.2.1
197 silly packumentCache full:https://registry.npmjs.org/picomatch cache-miss
198 http fetch GET 200 https://registry.npmjs.org/binary-extensions 83ms (cache miss)
199 silly packumentCache full:https://registry.npmjs.org/binary-extensions set size:undefined disposed:false
200 http fetch GET 200 https://registry.npmjs.org/picomatch 83ms (cache miss)
201 silly packumentCache full:https://registry.npmjs.org/picomatch set size:undefined disposed:false
202 silly placeDep ROOT @nodelib/fs.stat@2.0.5 OK for: fast-glob@3.3.3 want: ^2.0.2
203 silly placeDep ROOT @nodelib/fs.walk@1.2.8 OK for: fast-glob@3.3.3 want: ^1.2.3
204 silly placeDep node_modules/fast-glob glob-parent@5.1.2 OK for: fast-glob@3.3.3 want: ^5.1.2
205 silly placeDep ROOT merge2@1.4.1 OK for: fast-glob@3.3.3 want: ^1.3.0
206 silly fetch manifest fastq@^1.6.0
207 silly packumentCache full:https://registry.npmjs.org/fastq cache-miss
208 silly fetch manifest @nodelib/fs.scandir@2.1.5
209 silly packumentCache full:https://registry.npmjs.org/@nodelib%2ffs.scandir cache-miss
210 http fetch GET 200 https://registry.npmjs.org/fastq 75ms (cache miss)
211 silly packumentCache full:https://registry.npmjs.org/fastq set size:undefined disposed:false
212 http fetch GET 200 https://registry.npmjs.org/@nodelib%2ffs.scandir 100ms (cache miss)
213 silly packumentCache full:https://registry.npmjs.org/@nodelib%2ffs.scandir set size:undefined disposed:false
214 silly placeDep ROOT @nodelib/fs.scandir@2.1.5 OK for: @nodelib/fs.walk@1.2.8 want: 2.1.5
215 silly placeDep ROOT fastq@1.20.1 OK for: @nodelib/fs.walk@1.2.8 want: ^1.6.0
216 silly fetch manifest run-parallel@^1.1.9
217 silly packumentCache full:https://registry.npmjs.org/run-parallel cache-miss
218 silly fetch manifest reusify@^1.0.4
219 silly packumentCache full:https://registry.npmjs.org/reusify cache-miss
220 http fetch GET 200 https://registry.npmjs.org/run-parallel 72ms (cache miss)
221 silly packumentCache full:https://registry.npmjs.org/run-parallel set size:undefined disposed:false
222 http fetch GET 200 https://registry.npmjs.org/reusify 73ms (cache miss)
223 silly packumentCache full:https://registry.npmjs.org/reusify set size:undefined disposed:false
224 silly placeDep ROOT run-parallel@1.2.0 OK for: @nodelib/fs.scandir@2.1.5 want: ^1.1.9
225 silly fetch manifest queue-microtask@^1.2.2
226 silly packumentCache full:https://registry.npmjs.org/queue-microtask cache-miss
227 http fetch GET 200 https://registry.npmjs.org/queue-microtask 80ms (cache miss)
228 silly packumentCache full:https://registry.npmjs.org/queue-microtask set size:undefined disposed:false
229 silly placeDep ROOT reusify@1.1.0 OK for: fastq@1.20.1 want: ^1.0.4
230 silly placeDep ROOT binary-extensions@2.3.0 OK for: is-binary-path@2.1.0 want: ^2.0.0
231 silly placeDep ROOT is-extglob@2.1.1 OK for: is-glob@4.0.3 want: ^2.1.1
232 silly placeDep ROOT postcss-value-parser@4.2.0 OK for: postcss-import@15.1.0 want: ^4.0.0
233 silly placeDep ROOT read-cache@1.0.0 OK for: postcss-import@15.1.0 want: ^1.0.0
234 silly fetch manifest pify@^2.3.0
235 silly packumentCache full:https://registry.npmjs.org/pify cache-miss
236 http fetch GET 200 https://registry.npmjs.org/pify 74ms (cache miss)
237 silly packumentCache full:https://registry.npmjs.org/pify set size:undefined disposed:false
238 silly placeDep ROOT camelcase-css@2.0.1 OK for: postcss-js@4.1.0 want: ^2.0.1
239 silly placeDep ROOT cssesc@3.0.0 OK for: postcss-selector-parser@6.1.2 want: ^3.0.0
240 silly placeDep ROOT util-deprecate@1.0.2 OK for: postcss-selector-parser@6.1.2 want: ^1.0.2
241 silly placeDep ROOT pify@2.3.0 OK for: read-cache@1.0.0 want: ^2.3.0
242 silly placeDep node_modules/readdirp picomatch@2.3.1 OK for: readdirp@3.6.0 want: ^2.2.1
243 silly placeDep ROOT queue-microtask@1.2.3 OK for: run-parallel@1.2.0 want: ^1.2.2
244 silly reify mark retired [
244 silly reify   'C:\\Users\\FearCleevan\\Desktop\\Projects\\rentapp\\node_modules\\lucide-react-native'
244 silly reify ]
245 silly reify moves {
245 silly reify   'C:\\Users\\FearCleevan\\Desktop\\Projects\\rentapp\\node_modules\\lucide-react-native': 'C:\\Users\\FearCleevan\\Desktop\\Projects\\rentapp\\node_modules\\.lucide-react-native-vVp42frl'
245 silly reify }
246 silly audit bulk request {
246 silly audit   '@0no-co/graphql.web': [ '1.2.0' ],
246 silly audit   '@babel/code-frame': [ '7.29.0', '7.10.4' ],
246 silly audit   '@babel/compat-data': [ '7.29.0' ],
246 silly audit   '@babel/core': [ '7.29.0' ],
246 silly audit   '@babel/generator': [ '7.29.1' ],
246 silly audit   '@babel/helper-annotate-as-pure': [ '7.27.3' ],
246 silly audit   '@babel/helper-compilation-targets': [ '7.28.6' ],
246 silly audit   '@babel/helper-create-class-features-plugin': [ '7.28.6' ],
246 silly audit   '@babel/helper-create-regexp-features-plugin': [ '7.28.5' ],
246 silly audit   '@babel/helper-define-polyfill-provider': [ '0.6.8' ],
246 silly audit   '@babel/helper-globals': [ '7.28.0' ],
246 silly audit   '@babel/helper-member-expression-to-functions': [ '7.28.5' ],
246 silly audit   '@babel/helper-module-imports': [ '7.28.6' ],
246 silly audit   '@babel/helper-module-transforms': [ '7.28.6' ],
246 silly audit   '@babel/helper-optimise-call-expression': [ '7.27.1' ],
246 silly audit   '@babel/helper-plugin-utils': [ '7.28.6' ],
246 silly audit   '@babel/helper-remap-async-to-generator': [ '7.27.1' ],
246 silly audit   '@babel/helper-replace-supers': [ '7.28.6' ],
246 silly audit   '@babel/helper-skip-transparent-expression-wrappers': [ '7.27.1' ],
246 silly audit   '@babel/helper-string-parser': [ '7.27.1' ],
246 silly audit   '@babel/helper-validator-identifier': [ '7.28.5' ],
246 silly audit   '@babel/helper-validator-option': [ '7.27.1' ],
246 silly audit   '@babel/helper-wrap-function': [ '7.28.6' ],
246 silly audit   '@babel/helpers': [ '7.29.2' ],
246 silly audit   '@babel/highlight': [ '7.25.9' ],
246 silly audit   'ansi-styles': [ '3.2.1', '4.3.0', '5.2.0' ],
246 silly audit   chalk: [ '2.4.2', '4.1.2' ],
246 silly audit   'color-convert': [ '1.9.3', '2.0.1' ],
246 silly audit   'color-name': [ '1.1.3', '1.1.4' ],
246 silly audit   'escape-string-regexp': [ '1.0.5', '4.0.0', '2.0.0' ],
246 silly audit   'has-flag': [ '3.0.0', '4.0.0' ],
246 silly audit   'supports-color': [ '5.5.0', '8.1.1', '7.2.0' ],
246 silly audit   '@babel/parser': [ '7.29.2' ],
246 silly audit   '@babel/plugin-proposal-decorators': [ '7.29.0' ],
246 silly audit   '@babel/plugin-proposal-export-default-from': [ '7.27.1' ],
246 silly audit   '@babel/plugin-syntax-async-generators': [ '7.8.4' ],
246 silly audit   '@babel/plugin-syntax-bigint': [ '7.8.3' ],
246 silly audit   '@babel/plugin-syntax-class-properties': [ '7.12.13' ],
246 silly audit   '@babel/plugin-syntax-class-static-block': [ '7.14.5' ],
246 silly audit   '@babel/plugin-syntax-decorators': [ '7.28.6' ],
246 silly audit   '@babel/plugin-syntax-dynamic-import': [ '7.8.3' ],
246 silly audit   '@babel/plugin-syntax-export-default-from': [ '7.28.6' ],
246 silly audit   '@babel/plugin-syntax-flow': [ '7.28.6' ],
246 silly audit   '@babel/plugin-syntax-import-attributes': [ '7.28.6' ],
246 silly audit   '@babel/plugin-syntax-import-meta': [ '7.10.4' ],
246 silly audit   '@babel/plugin-syntax-json-strings': [ '7.8.3' ],
246 silly audit   '@babel/plugin-syntax-jsx': [ '7.28.6' ],
246 silly audit   '@babel/plugin-syntax-logical-assignment-operators': [ '7.10.4' ],
246 silly audit   '@babel/plugin-syntax-nullish-coalescing-operator': [ '7.8.3' ],
246 silly audit   '@babel/plugin-syntax-numeric-separator': [ '7.10.4' ],
246 silly audit   '@babel/plugin-syntax-object-rest-spread': [ '7.8.3' ],
246 silly audit   '@babel/plugin-syntax-optional-catch-binding': [ '7.8.3' ],
246 silly audit   '@babel/plugin-syntax-optional-chaining': [ '7.8.3' ],
246 silly audit   '@babel/plugin-syntax-private-property-in-object': [ '7.14.5' ],
246 silly audit   '@babel/plugin-syntax-top-level-await': [ '7.14.5' ],
246 silly audit   '@babel/plugin-syntax-typescript': [ '7.28.6' ],
246 silly audit   '@babel/plugin-transform-arrow-functions': [ '7.27.1' ],
246 silly audit   '@babel/plugin-transform-async-generator-functions': [ '7.29.0' ],
246 silly audit   '@babel/plugin-transform-async-to-generator': [ '7.28.6' ],
246 silly audit   '@babel/plugin-transform-block-scoping': [ '7.28.6' ],
246 silly audit   '@babel/plugin-transform-class-properties': [ '7.28.6' ],
246 silly audit   '@babel/plugin-transform-class-static-block': [ '7.28.6' ],
246 silly audit   '@babel/plugin-transform-classes': [ '7.28.6' ],
246 silly audit   '@babel/plugin-transform-computed-properties': [ '7.28.6' ],
246 silly audit   '@babel/plugin-transform-destructuring': [ '7.28.5' ],
246 silly audit   '@babel/plugin-transform-export-namespace-from': [ '7.27.1' ],
246 silly audit   '@babel/plugin-transform-flow-strip-types': [ '7.27.1' ],
246 silly audit   '@babel/plugin-transform-for-of': [ '7.27.1' ],
246 silly audit   '@babel/plugin-transform-function-name': [ '7.27.1' ],
246 silly audit   '@babel/plugin-transform-literals': [ '7.27.1' ],
246 silly audit   '@babel/plugin-transform-logical-assignment-operators': [ '7.28.6' ],
246 silly audit   '@babel/plugin-transform-modules-commonjs': [ '7.28.6' ],
246 silly audit   '@babel/plugin-transform-named-capturing-groups-regex': [ '7.29.0' ],
246 silly audit   '@babel/plugin-transform-nullish-coalescing-operator': [ '7.28.6' ],
246 silly audit   '@babel/plugin-transform-numeric-separator': [ '7.28.6' ],
246 silly audit   '@babel/plugin-transform-object-rest-spread': [ '7.28.6' ],
246 silly audit   '@babel/plugin-transform-optional-catch-binding': [ '7.28.6' ],
246 silly audit   '@babel/plugin-transform-optional-chaining': [ '7.28.6' ],
246 silly audit   '@babel/plugin-transform-parameters': [ '7.27.7' ],
246 silly audit   '@babel/plugin-transform-private-methods': [ '7.28.6' ],
246 silly audit   '@babel/plugin-transform-private-property-in-object': [ '7.28.6' ],
246 silly audit   '@babel/plugin-transform-react-display-name': [ '7.28.0' ],
246 silly audit   '@babel/plugin-transform-react-jsx': [ '7.28.6' ],
246 silly audit   '@babel/plugin-transform-react-jsx-development': [ '7.27.1' ],
246 silly audit   '@babel/plugin-transform-react-jsx-self': [ '7.27.1' ],
246 silly audit   '@babel/plugin-transform-react-jsx-source': [ '7.27.1' ],
246 silly audit   '@babel/plugin-transform-react-pure-annotations': [ '7.27.1' ],
246 silly audit   '@babel/plugin-transform-regenerator': [ '7.29.0' ],
246 silly audit   '@babel/plugin-transform-runtime': [ '7.29.0' ],
246 silly audit   '@babel/plugin-transform-shorthand-properties': [ '7.27.1' ],
246 silly audit   '@babel/plugin-transform-spread': [ '7.28.6' ],
246 silly audit   '@babel/plugin-transform-sticky-regex': [ '7.27.1' ],
246 silly audit   '@babel/plugin-transform-template-literals': [ '7.27.1' ],
246 silly audit   '@babel/plugin-transform-typescript': [ '7.28.6' ],
246 silly audit   '@babel/plugin-transform-unicode-regex': [ '7.27.1' ],
246 silly audit   '@babel/preset-react': [ '7.28.5' ],
246 silly audit   '@babel/preset-typescript': [ '7.28.5' ],
246 silly audit   '@babel/runtime': [ '7.29.2' ],
246 silly audit   '@babel/template': [ '7.28.6' ],
246 silly audit   '@babel/traverse': [ '7.29.0' ],
246 silly audit   '@babel/types': [ '7.29.0' ],
246 silly audit   '@callstack/react-theme-provider': [ '3.0.9' ],
246 silly audit   deepmerge: [ '3.3.0', '4.3.1' ],
246 silly audit   '@egjs/hammerjs': [ '2.0.17' ],
246 silly audit   '@emotion/is-prop-valid': [ '0.8.8' ],
246 silly audit   '@emotion/memoize': [ '0.7.4' ],
246 silly audit   '@expo-google-fonts/plus-jakarta-sans': [ '0.2.3' ],
246 silly audit   '@expo/cli': [ '54.0.23' ],
246 silly audit   'balanced-match': [ '4.0.4', '1.0.2' ],
246 silly audit   'brace-expansion': [ '5.0.4', '1.1.12', '2.0.2' ],
246 silly audit   glob: [ '13.0.6', '7.2.3', '9.3.5' ],
246 silly audit   minimatch: [ '10.2.4', '3.1.5', '8.0.7', '9.0.9' ],
246 silly audit   'lru-cache': [ '11.2.7', '10.4.3', '5.1.1' ],
246 silly audit   minipass: [ '7.1.3', '4.2.8' ],
246 silly audit   'path-scurry': [ '2.0.2', '1.11.1' ],
246 silly audit   semver: [ '7.7.4', '7.6.3', '7.7.2', '6.3.1' ],
246 silly audit   '@expo/code-signing-certificates': [ '0.0.6' ],
246 silly audit   '@expo/config': [ '12.0.13' ],
246 silly audit   '@expo/config-plugins': [ '54.0.4' ],
246 silly audit   '@expo/config-types': [ '54.0.10' ],
246 silly audit   '@expo/devcert': [ '1.2.1' ],
246 silly audit   debug: [ '3.2.7', '2.6.9', '4.4.3' ],
246 silly audit   '@expo/devtools': [ '0.1.8' ],
246 silly audit   '@expo/env': [ '2.0.11' ],
246 silly audit   '@expo/fingerprint': [ '0.15.4' ],
246 silly audit   '@expo/image-utils': [ '0.8.12' ],
246 silly audit   '@expo/json-file': [ '10.0.12' ],
246 silly audit   '@expo/metro': [ '54.2.0' ],
246 silly audit   '@expo/metro-config': [ '54.0.14' ],
246 silly audit   '@expo/metro-runtime': [ '6.1.2' ],
246 silly audit   '@expo/osascript': [ '2.4.2' ],
246 silly audit   '@expo/package-manager': [ '1.10.3' ],
246 silly audit   '@expo/plist': [ '0.4.8' ],
246 silly audit   '@expo/prebuild-config': [ '54.0.8' ],
246 silly audit   '@expo/schema-utils': [ '0.1.8' ],
246 silly audit   '@expo/sdk-runtime-versions': [ '1.0.0' ],
246 silly audit   '@expo/spawn-async': [ '1.7.2' ],
246 silly audit   '@expo/sudo-prompt': [ '9.3.2' ],
246 silly audit   '@expo/vector-icons': [ '15.1.1' ],
246 silly audit   '@expo/ws-tunnel': [ '1.0.6' ],
246 silly audit   '@expo/xcpretty': [ '4.4.1' ],
246 silly audit   '@gorhom/bottom-sheet': [ '4.6.4' ],
246 silly audit   '@gorhom/portal': [ '1.0.14' ],
246 silly audit   '@hookform/resolvers': [ '3.10.0' ],
246 silly audit   '@ide/backoff': [ '1.0.0' ],
246 silly audit   '@isaacs/fs-minipass': [ '4.0.1' ],
246 silly audit   '@isaacs/ttlcache': [ '1.4.1' ],
246 silly audit   '@istanbuljs/load-nyc-config': [ '1.1.0' ],
246 silly audit   argparse: [ '1.0.10', '2.0.1' ],
246 silly audit   camelcase: [ '5.3.1', '6.3.0' ],
246 silly audit   'find-up': [ '4.1.0', '3.0.0' ],
246 silly audit   'js-yaml': [ '3.14.2', '4.1.1' ],
246 silly audit   'locate-path': [ '5.0.0', '3.0.0' ],
246 silly audit   'p-limit': [ '2.3.0', '3.1.0' ],
246 silly audit   'p-locate': [ '4.1.0', '3.0.0' ],
246 silly audit   'path-exists': [ '4.0.0', '3.0.0' ],
246 silly audit   '@istanbuljs/schema': [ '0.1.3' ],
246 silly audit   '@jest/create-cache-key-function': [ '29.7.0' ],
246 silly audit   '@jest/environment': [ '29.7.0' ],
246 silly audit   '@jest/fake-timers': [ '29.7.0' ],
246 silly audit   '@jest/schemas': [ '29.6.3' ],
246 silly audit   '@jest/transform': [ '29.7.0' ],
246 silly audit   '@jest/types': [ '29.6.3' ],
246 silly audit   '@jridgewell/gen-mapping': [ '0.3.13' ],
246 silly audit   '@jridgewell/remapping': [ '2.3.5' ],
246 silly audit   '@jridgewell/resolve-uri': [ '3.1.2' ],
246 silly audit   '@jridgewell/source-map': [ '0.3.11' ],
246 silly audit   '@jridgewell/sourcemap-codec': [ '1.5.5' ],
246 silly audit   '@jridgewell/trace-mapping': [ '0.3.31' ],
246 silly audit   '@motionone/animation': [ '10.18.0' ],
246 silly audit   '@motionone/dom': [ '10.12.0' ],
246 silly audit   '@motionone/easing': [ '10.18.0' ],
246 silly audit   '@motionone/generators': [ '10.18.0' ],
246 silly audit   '@motionone/types': [ '10.17.1' ],
246 silly audit   '@motionone/utils': [ '10.18.0' ],
246 silly audit   '@radix-ui/primitive': [ '1.1.3' ],
246 silly audit   '@radix-ui/react-collection': [ '1.1.7' ],
246 silly audit   '@radix-ui/react-slot': [ '1.2.3', '1.2.0' ],
246 silly audit   '@radix-ui/react-compose-refs': [ '1.1.2' ],
246 silly audit   '@radix-ui/react-context': [ '1.1.2' ],
246 silly audit   '@radix-ui/react-dialog': [ '1.1.15' ],
246 silly audit   '@radix-ui/react-direction': [ '1.1.1' ],
246 silly audit   '@radix-ui/react-dismissable-layer': [ '1.1.11' ],
246 silly audit   '@radix-ui/react-focus-guards': [ '1.1.3' ],
246 silly audit   '@radix-ui/react-focus-scope': [ '1.1.7' ],
246 silly audit   '@radix-ui/react-id': [ '1.1.1' ],
246 silly audit   '@radix-ui/react-portal': [ '1.1.9' ],
246 silly audit   '@radix-ui/react-presence': [ '1.1.5' ],
246 silly audit   '@radix-ui/react-primitive': [ '2.1.3' ],
246 silly audit   '@radix-ui/react-roving-focus': [ '1.1.11' ],
246 silly audit   '@radix-ui/react-tabs': [ '1.1.13' ],
246 silly audit   '@radix-ui/react-use-callback-ref': [ '1.1.1' ],
246 silly audit   '@radix-ui/react-use-controllable-state': [ '1.2.2' ],
246 silly audit   '@radix-ui/react-use-effect-event': [ '0.0.2' ],
246 silly audit   '@radix-ui/react-use-escape-keydown': [ '1.1.1' ],
246 silly audit   '@radix-ui/react-use-layout-effect': [ '1.1.1' ],
246 silly audit   '@react-native-async-storage/async-storage': [ '2.2.0' ],
246 silly audit   '@react-native/assets-registry': [ '0.81.5' ],
246 silly audit   '@react-native/babel-plugin-codegen': [ '0.81.5' ],
246 silly audit   '@react-native/babel-preset': [ '0.81.5' ],
246 silly audit   '@react-native/codegen': [ '0.81.5' ],
246 silly audit   '@react-native/community-cli-plugin': [ '0.81.5' ],
246 silly audit   '@react-native/debugger-frontend': [ '0.81.5' ],
246 silly audit   '@react-native/dev-middleware': [ '0.81.5' ],
246 silly audit   ws: [ '6.2.3', '7.5.10', '8.19.0' ],
246 silly audit   '@react-native/gradle-plugin': [ '0.81.5' ],
246 silly audit   '@react-native/js-polyfills': [ '0.81.5' ],
246 silly audit   '@react-native/normalize-colors': [ '0.81.5' ],
246 silly audit   '@react-native/virtualized-lists': [ '0.81.5' ],
246 silly audit   '@react-navigation/bottom-tabs': [ '7.15.6' ],
246 silly audit   '@react-navigation/core': [ '7.16.2' ],
246 silly audit   '@react-navigation/elements': [ '2.9.11' ],
246 silly audit   '@react-navigation/native': [ '7.1.34' ],
246 silly audit   '@react-navigation/native-stack': [ '7.14.6' ],
246 silly audit   '@react-navigation/routers': [ '7.5.3' ],
246 silly audit   '@sinclair/typebox': [ '0.27.10' ],
246 silly audit   '@sinonjs/commons': [ '3.0.1' ],
246 silly audit   '@sinonjs/fake-timers': [ '10.3.0' ],
246 silly audit   '@supabase/auth-js': [ '2.99.3' ],
246 silly audit   '@supabase/functions-js': [ '2.99.3' ],
246 silly audit   '@supabase/postgrest-js': [ '2.99.3' ],
246 silly audit   '@supabase/realtime-js': [ '2.99.3' ],
246 silly audit   '@supabase/storage-js': [ '2.99.3' ],
246 silly audit   '@supabase/supabase-js': [ '2.99.3' ],
246 silly audit   '@types/babel__core': [ '7.20.5' ],
246 silly audit   '@types/babel__generator': [ '7.27.0' ],
246 silly audit   '@types/babel__template': [ '7.4.4' ],
246 silly audit   '@types/babel__traverse': [ '7.28.0' ],
246 silly audit   '@types/graceful-fs': [ '4.1.9' ],
246 silly audit   '@types/hammerjs': [ '2.0.46' ],
246 silly audit   '@types/istanbul-lib-coverage': [ '2.0.6' ],
246 silly audit   '@types/istanbul-lib-report': [ '3.0.3' ],
246 silly audit   '@types/istanbul-reports': [ '3.0.4' ],
246 silly audit   '@types/node': [ '25.5.0' ],
246 silly audit   '@types/phoenix': [ '1.6.7' ],
246 silly audit   '@types/react': [ '19.1.17' ],
246 silly audit   '@types/stack-utils': [ '2.0.3' ],
246 silly audit   '@types/ws': [ '8.18.1' ],
246 silly audit   '@types/yargs': [ '17.0.35' ],
246 silly audit   '@types/yargs-parser': [ '21.0.3' ],
246 silly audit   '@ungap/structured-clone': [ '1.3.0' ],
246 silly audit   '@urql/core': [ '5.2.0' ],
246 silly audit   '@urql/exchange-retry': [ '1.3.2' ],
246 silly audit   '@xmldom/xmldom': [ '0.8.11' ],
246 silly audit   'abort-controller': [ '3.0.0' ],
246 silly audit   accepts: [ '1.3.8' ],
246 silly audit   acorn: [ '8.16.0' ],
246 silly audit   'agent-base': [ '7.1.4' ],
246 silly audit   anser: [ '1.4.10' ],
246 silly audit   'ansi-escapes': [ '4.3.2' ],
246 silly audit   'type-fest': [ '0.21.3', '0.7.1' ],
246 silly audit   'ansi-regex': [ '5.0.1', '4.1.1' ],
246 silly audit   'any-promise': [ '1.3.0' ],
246 silly audit   anymatch: [ '3.1.3' ],
246 silly audit   picomatch: [ '2.3.1', '3.0.1', '4.0.3' ],
246 silly audit   arg: [ '5.0.2' ],
246 silly audit   'aria-hidden': [ '1.2.6' ],
246 silly audit   'array-timsort': [ '1.0.3' ],
246 silly audit   asap: [ '2.0.6' ],
246 silly audit   assert: [ '2.1.0' ],
246 silly audit   'async-limiter': [ '1.0.1' ],
246 silly audit   'available-typed-arrays': [ '1.0.7' ],
246 silly audit   'babel-jest': [ '29.7.0' ],
246 silly audit   'babel-plugin-istanbul': [ '6.1.1' ],
246 silly audit   'babel-plugin-jest-hoist': [ '29.6.3' ],
246 silly audit   'babel-plugin-module-resolver': [ '5.0.3' ],
246 silly audit   'babel-plugin-polyfill-corejs2': [ '0.4.17' ],
246 silly audit   'babel-plugin-polyfill-corejs3': [ '0.13.0' ],
246 silly audit   'babel-plugin-polyfill-regenerator': [ '0.6.8' ],
246 silly audit   'babel-plugin-react-compiler': [ '1.0.0' ],
246 silly audit   'babel-plugin-react-native-web': [ '0.21.2' ],
246 silly audit   'babel-plugin-syntax-hermes-parser': [ '0.29.1' ],
246 silly audit   'babel-plugin-transform-flow-enums': [ '0.0.2' ],
246 silly audit   'babel-preset-current-node-syntax': [ '1.2.0' ],
246 silly audit   'babel-preset-expo': [ '54.0.10' ],
246 silly audit   'babel-preset-jest': [ '29.6.3' ],
246 silly audit   badgin: [ '1.2.3' ],
246 silly audit   'base64-js': [ '1.5.1' ],
246 silly audit   'baseline-browser-mapping': [ '2.10.9' ],
246 silly audit   'better-opn': [ '3.0.2' ],
246 silly audit   open: [ '8.4.2', '7.4.2' ],
246 silly audit   'big-integer': [ '1.6.52' ],
246 silly audit   boolbase: [ '1.0.0' ],
246 silly audit   'bplist-creator': [ '0.1.0' ],
246 silly audit   'bplist-parser': [ '0.3.2', '0.3.1' ],
246 silly audit   braces: [ '3.0.3' ],
246 silly audit   browserslist: [ '4.28.1' ],
246 silly audit   bser: [ '2.1.1' ],
246 silly audit   buffer: [ '5.7.1' ],
246 silly audit   'buffer-from': [ '1.1.2' ],
246 silly audit   bytes: [ '3.1.2' ],
246 silly audit   'call-bind': [ '1.0.8' ],
246 silly audit   'call-bind-apply-helpers': [ '1.0.2' ],
246 silly audit   'call-bound': [ '1.0.4' ],
246 silly audit   'caniuse-lite': [ '1.0.30001780' ],
246 silly audit   chownr: [ '3.0.0' ],
246 silly audit   'chrome-launcher': [ '0.15.2' ],
246 silly audit   'chromium-edge-launcher': [ '0.2.0' ],
246 silly audit   'ci-info': [ '3.9.0', '2.0.0' ],
246 silly audit   'cli-cursor': [ '2.1.0' ],
246 silly audit   'cli-spinners': [ '2.9.2' ],
246 silly audit   'client-only': [ '0.0.1' ],
246 silly audit   cliui: [ '8.0.1' ],
246 silly audit   'strip-ansi': [ '6.0.1', '5.2.0' ],
246 silly audit   clone: [ '1.0.4' ],
246 silly audit   color: [ '4.2.3', '3.2.1' ],
246 silly audit   'color-string': [ '1.9.1' ],
246 silly audit   commander: [ '7.2.0', '12.1.0', '4.1.1', '2.20.3' ],
246 silly audit   'comment-json': [ '4.6.2' ],
246 silly audit   compressible: [ '2.0.18' ],
246 silly audit   compression: [ '1.8.1' ],
246 silly audit   ms: [ '2.0.0', '2.1.3' ],
246 silly audit   negotiator: [ '0.6.4', '0.6.3' ],
246 silly audit   'concat-map': [ '0.0.1' ],
246 silly audit   connect: [ '3.7.0' ],
246 silly audit   'convert-source-map': [ '2.0.0' ],
246 silly audit   'core-js-compat': [ '3.49.0' ],
246 silly audit   'cross-spawn': [ '7.0.6' ],
246 silly audit   'css-select': [ '5.2.2' ],
246 silly audit   'css-tree': [ '1.1.3' ],
246 silly audit   'source-map': [ '0.6.1', '0.5.7' ],
246 silly audit   'css-what': [ '6.2.2' ],
246 silly audit   csstype: [ '3.2.3' ],
246 silly audit   'date-fns': [ '3.6.0' ],
246 silly audit   'decode-uri-component': [ '0.2.2' ],
246 silly audit   'deep-extend': [ '0.6.0' ],
246 silly audit   defaults: [ '1.0.4' ],
246 silly audit   'define-data-property': [ '1.1.4' ],
246 silly audit   'define-lazy-prop': [ '2.0.0' ],
246 silly audit   'define-properties': [ '1.2.1' ],
246 silly audit   depd: [ '2.0.0' ],
246 silly audit   destroy: [ '1.2.0' ],
246 silly audit   'detect-libc': [ '2.1.2', '1.0.3' ],
246 silly audit   'detect-node-es': [ '1.1.0' ],
246 silly audit   'dom-serializer': [ '2.0.0' ],
246 silly audit   domelementtype: [ '2.3.0' ],
246 silly audit   domhandler: [ '5.0.3' ],
246 silly audit   domutils: [ '3.2.2' ],
246 silly audit   dotenv: [ '16.4.7' ],
246 silly audit   'dotenv-expand': [ '11.0.7' ],
246 silly audit   'dunder-proto': [ '1.0.1' ],
246 silly audit   'ee-first': [ '1.1.1' ],
246 silly audit   'electron-to-chromium': [ '1.5.321' ],
246 silly audit   'emoji-regex': [ '8.0.0' ],
246 silly audit   encodeurl: [ '1.0.2', '2.0.0' ],
246 silly audit   entities: [ '4.5.0' ],
246 silly audit   'env-editor': [ '0.4.2' ],
246 silly audit   'error-stack-parser': [ '2.1.4' ],
246 silly audit   'es-define-property': [ '1.0.1' ],
246 silly audit   'es-errors': [ '1.3.0' ],
246 silly audit   'es-object-atoms': [ '1.1.1' ],
246 silly audit   escalade: [ '3.2.0' ],
246 silly audit   'escape-html': [ '1.0.3' ],
246 silly audit   esprima: [ '4.0.1' ],
246 silly audit   etag: [ '1.8.1' ],
246 silly audit   'event-target-shim': [ '5.0.1' ],
246 silly audit   expo: [ '54.0.33' ],
246 silly audit   'expo-application': [ '7.0.8' ],
246 silly audit   'expo-asset': [ '12.0.12' ],
246 silly audit   'expo-constants': [ '18.0.13' ],
246 silly audit   'expo-file-system': [ '19.0.21' ],
246 silly audit   'expo-font': [ '14.0.11' ],
246 silly audit   'expo-image-loader': [ '6.0.0' ],
246 silly audit   'expo-image-picker': [ '17.0.10' ],
246 silly audit   'expo-keep-awake': [ '15.0.8' ],
246 silly audit   'expo-linear-gradient': [ '15.0.8' ],
246 silly audit   'expo-linking': [ '8.0.11' ],
246 silly audit   'expo-location': [ '19.0.8' ],
246 silly audit   'expo-modules-autolinking': [ '3.0.24' ],
246 silly audit   'expo-modules-core': [ '3.0.29' ],
246 silly audit   'expo-notifications': [ '0.32.16' ],
246 silly audit   'expo-router': [ '6.0.23' ],
246 silly audit   'expo-secure-store': [ '15.0.8' ],
246 silly audit   'expo-server': [ '1.0.5' ],
246 silly audit   'expo-splash-screen': [ '31.0.13' ],
246 silly audit   'expo-status-bar': [ '3.0.9' ],
246 silly audit   'expo-web-browser': [ '15.0.10' ],
246 silly audit   'exponential-backoff': [ '3.1.3' ],
246 silly audit   'fast-deep-equal': [ '3.1.3' ],
246 silly audit   'fast-json-stable-stringify': [ '2.1.0' ],
246 silly audit   'fb-watchman': [ '2.0.2' ],
246 silly audit   fdir: [ '6.5.0' ],
246 silly audit   'fill-range': [ '7.1.1' ],
246 silly audit   'filter-obj': [ '1.1.0' ],
246 silly audit   finalhandler: [ '1.1.2' ],
246 silly audit   'find-babel-config': [ '2.1.2' ],
246 silly audit   'flow-enums-runtime': [ '0.0.6' ],
246 silly audit   fontfaceobserver: [ '2.3.0' ],
246 silly audit   'for-each': [ '0.3.5' ],
246 silly audit   'framer-motion': [ '6.5.1' ],
246 silly audit   framesync: [ '6.0.1' ],
246 silly audit   'freeport-async': [ '2.0.0' ],
246 silly audit   fresh: [ '0.5.2' ],
246 silly audit   'fs.realpath': [ '1.0.0' ],
246 silly audit   fsevents: [ '2.3.3' ],
246 silly audit   'function-bind': [ '1.1.2' ],
246 silly audit   'generator-function': [ '2.0.1' ],
246 silly audit   gensync: [ '1.0.0-beta.2' ],
246 silly audit   'get-caller-file': [ '2.0.5' ],
246 silly audit   'get-intrinsic': [ '1.3.0' ],
246 silly audit   'get-nonce': [ '1.0.1' ],
246 silly audit   'get-package-type': [ '0.1.0' ],
246 silly audit   'get-proto': [ '1.0.1' ],
246 silly audit   getenv: [ '2.0.0' ],
246 silly audit   gopd: [ '1.2.0' ],
246 silly audit   'graceful-fs': [ '4.2.11' ],
246 silly audit   'has-property-descriptors': [ '1.0.2' ],
246 silly audit   'has-symbols': [ '1.1.0' ],
246 silly audit   'has-tostringtag': [ '1.0.2' ],
246 silly audit   hasown: [ '2.0.2' ],
246 silly audit   'hermes-estree': [ '0.29.1', '0.32.0' ],
246 silly audit   'hermes-parser': [ '0.29.1', '0.32.0' ],
246 silly audit   'hey-listen': [ '1.0.8' ],
246 silly audit   'hoist-non-react-statics': [ '3.3.2' ],
246 silly audit   'react-is': [ '16.13.1', '18.3.1', '19.2.4' ],
246 silly audit   'hosted-git-info': [ '7.0.2' ],
246 silly audit   'http-errors': [ '2.0.1' ],
246 silly audit   statuses: [ '2.0.2', '1.5.0' ],
246 silly audit   'https-proxy-agent': [ '7.0.6' ],
246 silly audit   'iceberg-js': [ '0.8.1' ],
246 silly audit   ieee754: [ '1.2.1' ],
246 silly audit   ignore: [ '5.3.2' ],
246 silly audit   'image-size': [ '1.2.1' ],
246 silly audit   imurmurhash: [ '0.1.4' ],
246 silly audit   inflight: [ '1.0.6' ],
246 silly audit   inherits: [ '2.0.4' ],
246 silly audit   ini: [ '1.3.8' ],
246 silly audit   invariant: [ '2.2.4' ],
246 silly audit   'is-arguments': [ '1.2.0' ],
246 silly audit   'is-arrayish': [ '0.3.4' ],
246 silly audit   'is-callable': [ '1.2.7' ],
246 silly audit   'is-core-module': [ '2.16.1' ],
246 silly audit   'is-docker': [ '2.2.1' ],
246 silly audit   'is-fullwidth-code-point': [ '3.0.0' ],
246 silly audit   'is-generator-function': [ '1.1.2' ],
246 silly audit   'is-nan': [ '1.3.2' ],
246 silly audit   'is-number': [ '7.0.0' ],
246 silly audit   'is-plain-obj': [ '2.1.0' ],
246 silly audit   'is-regex': [ '1.2.1' ],
246 silly audit   'is-typed-array': [ '1.1.15' ],
246 silly audit   'is-wsl': [ '2.2.0' ],
246 silly audit   isexe: [ '2.0.0' ],
246 silly audit   'istanbul-lib-coverage': [ '3.2.2' ],
246 silly audit   'istanbul-lib-instrument': [ '5.2.1' ],
246 silly audit   'jest-environment-node': [ '29.7.0' ],
246 silly audit   'jest-get-type': [ '29.6.3' ],
246 silly audit   'jest-haste-map': [ '29.7.0' ],
246 silly audit   'jest-message-util': [ '29.7.0' ],
246 silly audit   'jest-mock': [ '29.7.0' ],
246 silly audit   'jest-regex-util': [ '29.6.3' ],
246 silly audit   'jest-util': [ '29.7.0' ],
246 silly audit   'jest-validate': [ '29.7.0' ],
246 silly audit   'jest-worker': [ '29.7.0' ],
246 silly audit   'jimp-compact': [ '0.16.1' ],
246 silly audit   'js-tokens': [ '4.0.0' ],
246 silly audit   'jsc-safe-url': [ '0.2.4' ],
246 silly audit   jsesc: [ '3.1.0' ],
246 silly audit   json5: [ '2.2.3' ],
246 silly audit   kleur: [ '3.0.3' ],
246 silly audit   'lan-network': [ '0.1.7' ],
246 silly audit   leven: [ '3.1.0' ],
246 silly audit   'lighthouse-logger': [ '1.4.2' ],
246 silly audit   lightningcss: [ '1.32.0', '1.27.0' ],
246 silly audit   'lightningcss-android-arm64': [ '1.32.0' ],
246 silly audit   'lightningcss-darwin-arm64': [ '1.32.0', '1.27.0' ],
246 silly audit   'lightningcss-darwin-x64': [ '1.32.0', '1.27.0' ],
246 silly audit   'lightningcss-freebsd-x64': [ '1.32.0', '1.27.0' ],
246 silly audit   'lightningcss-linux-arm-gnueabihf': [ '1.32.0', '1.27.0' ],
246 silly audit   'lightningcss-linux-arm64-gnu': [ '1.32.0', '1.27.0' ],
246 silly audit   'lightningcss-linux-arm64-musl': [ '1.32.0', '1.27.0' ],
246 silly audit   'lightningcss-linux-x64-gnu': [ '1.32.0', '1.27.0' ],
246 silly audit   'lightningcss-linux-x64-musl': [ '1.32.0', '1.27.0' ],
246 silly audit   'lightningcss-win32-arm64-msvc': [ '1.32.0', '1.27.0' ],
246 silly audit   'lightningcss-win32-x64-msvc': [ '1.32.0', '1.27.0' ],
246 silly audit   'lines-and-columns': [ '1.2.4' ],
246 silly audit   'lodash.debounce': [ '4.0.8' ],
246 silly audit   'lodash.throttle': [ '4.1.1' ],
246 silly audit   'log-symbols': [ '2.2.0' ],
246 silly audit   'loose-envify': [ '1.4.0' ],
246 silly audit   makeerror: [ '1.0.12' ],
246 silly audit   marky: [ '1.3.0' ],
246 silly audit   'math-intrinsics': [ '1.1.0' ],
246 silly audit   'mdn-data': [ '2.0.14' ],
246 silly audit   'memoize-one': [ '5.2.1' ],
246 silly audit   'merge-options': [ '3.0.4' ],
246 silly audit   'merge-stream': [ '2.0.0' ],
246 silly audit   metro: [ '0.83.3' ],
246 silly audit   'metro-babel-transformer': [ '0.83.3' ],
246 silly audit   'metro-cache': [ '0.83.3' ],
246 silly audit   'metro-cache-key': [ '0.83.3' ],
246 silly audit   'metro-config': [ '0.83.3' ],
246 silly audit   'metro-core': [ '0.83.3' ],
246 silly audit   'metro-file-map': [ '0.83.3' ],
246 silly audit   'metro-minify-terser': [ '0.83.3' ],
246 silly audit   'metro-resolver': [ '0.83.3' ],
246 silly audit   'metro-runtime': [ '0.83.3' ],
246 silly audit   'metro-source-map': [ '0.83.3' ],
246 silly audit   'metro-symbolicate': [ '0.83.3' ],
246 silly audit   'metro-transform-plugins': [ '0.83.3' ],
246 silly audit   'metro-transform-worker': [ '0.83.3' ],
246 silly audit   micromatch: [ '4.0.8' ],
246 silly audit   mime: [ '1.6.0' ],
246 silly audit   'mime-db': [ '1.54.0', '1.52.0' ],
246 silly audit   'mime-types': [ '2.1.35' ],
246 silly audit   minimist: [ '1.2.8' ],
246 silly audit   minizlib: [ '3.1.0' ],
246 silly audit   mkdirp: [ '1.0.4' ],
246 silly audit   moti: [ '0.29.0' ],
246 silly audit   mz: [ '2.7.0' ],
246 silly audit   nanoid: [ '3.3.11' ],
246 silly audit   nativewind: [ '4.2.3' ],
246 silly audit   'nested-error-stacks': [ '2.0.1' ],
246 silly audit   'node-forge': [ '1.3.3' ],
246 silly audit   'node-int64': [ '0.4.0' ],
246 silly audit   'node-releases': [ '2.0.36' ],
246 silly audit   'normalize-path': [ '3.0.0' ],
246 silly audit   'npm-package-arg': [ '11.0.3' ],
246 silly audit   'nth-check': [ '2.1.1' ],
246 silly audit   nullthrows: [ '1.1.1' ],
246 silly audit   ob1: [ '0.83.3' ],
246 silly audit   'object-assign': [ '4.1.1' ],
246 silly audit   'object-is': [ '1.1.6' ],
246 silly audit   'object-keys': [ '1.1.1' ],
246 silly audit   'object.assign': [ '4.1.7' ],
246 silly audit   'on-finished': [ '2.3.0', '2.4.1' ],
246 silly audit   'on-headers': [ '1.1.0' ],
246 silly audit   once: [ '1.4.0' ],
246 silly audit   ora: [ '3.4.0' ],
246 silly audit   'p-try': [ '2.2.0' ],
246 silly audit   'parse-png': [ '2.1.0' ],
246 silly audit   parseurl: [ '1.3.3' ],
246 silly audit   'path-is-absolute': [ '1.0.1' ],
246 silly audit   'path-key': [ '3.1.1' ],
246 silly audit   'path-parse': [ '1.0.7' ],
246 silly audit   picocolors: [ '1.1.1' ],
246 silly audit   pirates: [ '4.0.7' ],
246 silly audit   'pkg-up': [ '3.1.0' ],
246 silly audit   plist: [ '3.1.0' ],
246 silly audit   pngjs: [ '3.4.0' ],
246 silly audit   popmotion: [ '11.0.3' ],
246 silly audit   'possible-typed-array-names': [ '1.1.0' ],
246 silly audit   postcss: [ '8.4.49' ],
246 silly audit   'pretty-bytes': [ '5.6.0' ],
246 silly audit   'pretty-format': [ '29.7.0' ],
246 silly audit   'proc-log': [ '4.2.0' ],
246 silly audit   progress: [ '2.0.3' ],
246 silly audit   promise: [ '8.3.0' ],
246 silly audit   prompts: [ '2.4.2' ],
246 silly audit   punycode: [ '2.3.1' ],
246 silly audit   'qrcode-terminal': [ '0.11.0' ],
246 silly audit   'query-string': [ '7.1.3' ],
246 silly audit   queue: [ '6.0.2' ],
246 silly audit   'range-parser': [ '1.2.1' ],
246 silly audit   rc: [ '1.2.8' ],
246 silly audit   react: [ '19.1.0' ],
246 silly audit   'react-devtools-core': [ '6.1.5' ],
246 silly audit   'react-fast-compare': [ '3.2.2' ],
246 silly audit   'react-freeze': [ '1.0.4' ],
246 silly audit   'react-hook-form': [ '7.71.2' ],
246 silly audit   'react-native': [ '0.81.5' ],
246 silly audit   'react-native-css-interop': [ '0.2.3' ],
246 silly audit   'react-native-gesture-handler': [ '2.28.0' ],
246 silly audit   'react-native-is-edge-to-edge': [ '1.3.1' ],
246 silly audit   'react-native-paper': [ '5.15.0' ],
246 silly audit   'react-native-reanimated': [ '4.1.7' ],
246 silly audit   'react-native-safe-area-context': [ '5.6.2' ],
246 silly audit   'react-native-screens': [ '4.16.0' ],
246 silly audit   'react-native-svg': [ '15.12.1' ],
246 silly audit   'react-native-worklets': [ '0.5.1' ],
246 silly audit   'react-refresh': [ '0.14.2' ],
246 silly audit   'react-remove-scroll': [ '2.7.2' ],
246 silly audit   'react-remove-scroll-bar': [ '2.3.8' ],
246 silly audit   'react-style-singleton': [ '2.2.3' ],
246 silly audit   regenerate: [ '1.4.2' ],
246 silly audit   'regenerate-unicode-properties': [ '10.2.2' ],
246 silly audit   'regenerator-runtime': [ '0.13.11' ],
246 silly audit   'regexpu-core': [ '6.4.0' ],
246 silly audit   regjsgen: [ '0.8.0' ],
246 silly audit   regjsparser: [ '0.13.0' ],
246 silly audit   'require-directory': [ '2.1.1' ],
246 silly audit   'require-from-string': [ '2.0.2' ],
246 silly audit   requireg: [ '0.2.2' ],
246 silly audit   resolve: [ '1.7.1', '1.22.11' ],
246 silly audit   reselect: [ '4.1.8' ],
246 silly audit   'resolve-from': [ '5.0.0' ],
246 silly audit   'resolve-workspace-root': [ '2.0.1' ],
246 silly audit   'resolve.exports': [ '2.0.3' ],
246 silly audit   'restore-cursor': [ '2.0.0' ],
246 silly audit   'mimic-fn': [ '1.2.0' ],
246 silly audit   onetime: [ '2.0.1' ],
246 silly audit   rimraf: [ '3.0.2' ],
246 silly audit   'safe-buffer': [ '5.2.1' ],
246 silly audit   'safe-regex-test': [ '1.1.0' ],
246 silly audit   sax: [ '1.6.0' ],
246 silly audit   scheduler: [ '0.26.0', '0.27.0' ],
246 silly audit   send: [ '0.19.2' ],
246 silly audit   'serialize-error': [ '2.1.0' ],
246 silly audit   'serve-static': [ '1.16.3' ],
246 silly audit   'server-only': [ '0.0.1' ],
246 silly audit   'set-function-length': [ '1.2.2' ],
246 silly audit   setprototypeof: [ '1.2.0' ],
246 silly audit   'sf-symbols-typescript': [ '2.2.0' ],
246 silly audit   shallowequal: [ '1.1.0' ],
246 silly audit   'shebang-command': [ '2.0.0' ],
246 silly audit   'shebang-regex': [ '3.0.0' ],
246 silly audit   'shell-quote': [ '1.8.3' ],
246 silly audit   'signal-exit': [ '3.0.7' ],
246 silly audit   'simple-plist': [ '1.3.1' ],
246 silly audit   'simple-swizzle': [ '0.2.4' ],
246 silly audit   sisteransi: [ '1.0.5' ],
246 silly audit   slash: [ '3.0.0' ],
246 silly audit   slugify: [ '1.6.8' ],
246 silly audit   'source-map-js': [ '1.2.1' ],
246 silly audit   'source-map-support': [ '0.5.21' ],
246 silly audit   'split-on-first': [ '1.1.0' ],
246 silly audit   'sprintf-js': [ '1.0.3' ],
246 silly audit   'stack-utils': [ '2.0.6' ],
246 silly audit   stackframe: [ '1.3.4' ],
246 silly audit   'stacktrace-parser': [ '0.1.11' ],
246 silly audit   'stream-buffers': [ '2.2.0' ],
246 silly audit   'strict-uri-encode': [ '2.0.0' ],
246 silly audit   'string-width': [ '4.2.3' ],
246 silly audit   'strip-json-comments': [ '2.0.1' ],
246 silly audit   'structured-headers': [ '0.4.1' ],
246 silly audit   'style-value-types': [ '5.0.0' ],
246 silly audit   sucrase: [ '3.35.1' ],
246 silly audit   'supports-hyperlinks': [ '2.3.0' ],
246 silly audit   'supports-preserve-symlinks-flag': [ '1.0.0' ],
246 silly audit   tar: [ '7.5.12' ],
246 silly audit   yallist: [ '5.0.0', '3.1.1' ],
246 silly audit   'terminal-link': [ '2.1.1' ],
246 silly audit   terser: [ '5.46.1' ],
246 silly audit   'test-exclude': [ '6.0.0' ],
246 silly audit   thenify: [ '3.3.1' ],
246 silly audit   'thenify-all': [ '1.6.0' ],
246 silly audit   throat: [ '5.0.0' ],
246 silly audit   tinyglobby: [ '0.2.15' ],
246 silly audit   tmpl: [ '1.0.5' ],
246 silly audit   'to-regex-range': [ '5.0.1' ],
246 silly audit   toidentifier: [ '1.0.1' ],
246 silly audit   'ts-interface-checker': [ '0.1.13' ],
246 silly audit   tslib: [ '2.8.1' ],
246 silly audit   'type-detect': [ '4.0.8' ],
246 silly audit   typescript: [ '5.9.3' ],
246 silly audit   undici: [ '6.24.1' ],
246 silly audit   'undici-types': [ '7.18.2' ],
246 silly audit   'unicode-canonical-property-names-ecmascript': [ '2.0.1' ],
246 silly audit   'unicode-match-property-ecmascript': [ '2.0.0' ],
246 silly audit   'unicode-match-property-value-ecmascript': [ '2.2.1' ],
246 silly audit   'unicode-property-aliases-ecmascript': [ '2.2.0' ],
246 silly audit   unpipe: [ '1.0.0' ],
246 silly audit   'update-browserslist-db': [ '1.2.3' ],
246 silly audit   'use-callback-ref': [ '1.3.3' ],
246 silly audit   'use-latest-callback': [ '0.2.6' ],
246 silly audit   'use-sidecar': [ '1.1.3' ],
246 silly audit   'use-sync-external-store': [ '1.6.0' ],
246 silly audit   util: [ '0.12.5' ],
246 silly audit   'utils-merge': [ '1.0.1' ],
246 silly audit   uuid: [ '7.0.3' ],
246 silly audit   'validate-npm-package-name': [ '5.0.1' ],
246 silly audit   vary: [ '1.1.2' ],
246 silly audit   vaul: [ '1.1.2' ],
246 silly audit   vlq: [ '1.0.1' ],
246 silly audit   walker: [ '1.0.8' ],
246 silly audit   'warn-once': [ '0.1.1' ],
246 silly audit   wcwidth: [ '1.0.1' ],
246 silly audit   'whatwg-fetch': [ '3.6.20' ],
246 silly audit   'whatwg-url-without-unicode': [ '8.0.0-3' ],
246 silly audit   'webidl-conversions': [ '5.0.0' ],
246 silly audit   which: [ '2.0.2' ],
246 silly audit   'which-typed-array': [ '1.1.20' ],
246 silly audit   wonka: [ '6.3.5' ],
246 silly audit   'wrap-ansi': [ '7.0.0' ],
246 silly audit   wrappy: [ '1.0.2' ],
246 silly audit   'write-file-atomic': [ '4.0.2' ],
246 silly audit   xcode: [ '3.0.1' ],
246 silly audit   xml2js: [ '0.6.0' ],
246 silly audit   xmlbuilder: [ '11.0.1', '15.1.1' ],
246 silly audit   y18n: [ '5.0.8' ],
246 silly audit   yaml: [ '2.8.2' ],
246 silly audit   yargs: [ '17.7.2' ],
246 silly audit   'yargs-parser': [ '21.1.1' ],
246 silly audit   'yocto-queue': [ '0.1.0' ],
246 silly audit   zod: [ '3.25.76' ],
246 silly audit   zustand: [ '4.5.7' ],
246 silly audit   'react-dom': [ '19.2.4' ],
246 silly audit   tailwindcss: [ '3.4.19' ],
246 silly audit   '@alloc/quick-lru': [ '5.2.0' ],
246 silly audit   chokidar: [ '3.6.0' ],
246 silly audit   didyoumean: [ '1.2.2' ],
246 silly audit   dlv: [ '1.1.3' ],
246 silly audit   'fast-glob': [ '3.3.3' ],
246 silly audit   'glob-parent': [ '6.0.2', '5.1.2' ],
246 silly audit   'is-glob': [ '4.0.3' ],
246 silly audit   jiti: [ '1.21.7' ],
246 silly audit   lilconfig: [ '3.1.3' ],
246 silly audit   'object-hash': [ '3.0.0' ],
246 silly audit   'postcss-import': [ '15.1.0' ],
246 silly audit   'postcss-js': [ '4.1.0' ],
246 silly audit   'postcss-load-config': [ '6.0.1' ],
246 silly audit   'postcss-nested': [ '6.2.0' ],
246 silly audit   'postcss-selector-parser': [ '6.1.2' ],
246 silly audit   'is-binary-path': [ '2.1.0' ],
246 silly audit   readdirp: [ '3.6.0' ],
246 silly audit   '@nodelib/fs.stat': [ '2.0.5' ],
246 silly audit   '@nodelib/fs.walk': [ '1.2.8' ],
246 silly audit   merge2: [ '1.4.1' ],
246 silly audit   '@nodelib/fs.scandir': [ '2.1.5' ],
246 silly audit   fastq: [ '1.20.1' ],
246 silly audit   'run-parallel': [ '1.2.0' ],
246 silly audit   reusify: [ '1.1.0' ],
246 silly audit   'binary-extensions': [ '2.3.0' ],
246 silly audit   'is-extglob': [ '2.1.1' ],
246 silly audit   'postcss-value-parser': [ '4.2.0' ],
246 silly audit   'read-cache': [ '1.0.0' ],
246 silly audit   'camelcase-css': [ '2.0.1' ],
246 silly audit   cssesc: [ '3.0.0' ],
246 silly audit   'util-deprecate': [ '1.0.2' ],
246 silly audit   pify: [ '2.3.0' ],
246 silly audit   'queue-microtask': [ '1.2.3' ]
246 silly audit }
247 http cache queue-microtask@https://registry.npmjs.org/queue-microtask/-/queue-microtask-1.2.3.tgz 0ms (cache hit)
248 http cache util-deprecate@https://registry.npmjs.org/util-deprecate/-/util-deprecate-1.0.2.tgz 0ms (cache hit)
249 http cache pify@https://registry.npmjs.org/pify/-/pify-2.3.0.tgz 0ms (cache hit)
250 http cache cssesc@https://registry.npmjs.org/cssesc/-/cssesc-3.0.0.tgz 0ms (cache hit)
251 http cache camelcase-css@https://registry.npmjs.org/camelcase-css/-/camelcase-css-2.0.1.tgz 0ms (cache hit)
252 http cache read-cache@https://registry.npmjs.org/read-cache/-/read-cache-1.0.0.tgz 0ms (cache hit)
253 http cache postcss-value-parser@https://registry.npmjs.org/postcss-value-parser/-/postcss-value-parser-4.2.0.tgz 0ms (cache hit)
254 http cache is-extglob@https://registry.npmjs.org/is-extglob/-/is-extglob-2.1.1.tgz 0ms (cache hit)
255 http cache reusify@https://registry.npmjs.org/reusify/-/reusify-1.1.0.tgz 0ms (cache hit)
256 http cache @nodelib/fs.scandir@https://registry.npmjs.org/@nodelib/fs.scandir/-/fs.scandir-2.1.5.tgz 0ms (cache hit)
257 http cache binary-extensions@https://registry.npmjs.org/binary-extensions/-/binary-extensions-2.3.0.tgz 0ms (cache hit)
258 http cache @nodelib/fs.walk@https://registry.npmjs.org/@nodelib/fs.walk/-/fs.walk-1.2.8.tgz 0ms (cache hit)
259 http cache fastq@https://registry.npmjs.org/fastq/-/fastq-1.20.1.tgz 0ms (cache hit)
260 http cache run-parallel@https://registry.npmjs.org/run-parallel/-/run-parallel-1.2.0.tgz 0ms (cache hit)
261 http cache merge2@https://registry.npmjs.org/merge2/-/merge2-1.4.1.tgz 0ms (cache hit)
262 http cache @nodelib/fs.stat@https://registry.npmjs.org/@nodelib/fs.stat/-/fs.stat-2.0.5.tgz 0ms (cache hit)
263 http cache readdirp@https://registry.npmjs.org/readdirp/-/readdirp-3.6.0.tgz 0ms (cache hit)
264 http cache postcss-selector-parser@https://registry.npmjs.org/postcss-selector-parser/-/postcss-selector-parser-6.1.2.tgz 0ms (cache hit)
265 http cache is-binary-path@https://registry.npmjs.org/is-binary-path/-/is-binary-path-2.1.0.tgz 0ms (cache hit)
266 http cache postcss-nested@https://registry.npmjs.org/postcss-nested/-/postcss-nested-6.2.0.tgz 0ms (cache hit)
267 http cache postcss-js@https://registry.npmjs.org/postcss-js/-/postcss-js-4.1.0.tgz 0ms (cache hit)
268 http cache postcss-load-config@https://registry.npmjs.org/postcss-load-config/-/postcss-load-config-6.0.1.tgz 0ms (cache hit)
269 http cache postcss-import@https://registry.npmjs.org/postcss-import/-/postcss-import-15.1.0.tgz 0ms (cache hit)
270 http cache object-hash@https://registry.npmjs.org/object-hash/-/object-hash-3.0.0.tgz 0ms (cache hit)
271 http cache lilconfig@https://registry.npmjs.org/lilconfig/-/lilconfig-3.1.3.tgz 0ms (cache hit)
272 http cache fast-glob@https://registry.npmjs.org/fast-glob/-/fast-glob-3.3.3.tgz 0ms (cache hit)
273 http cache glob-parent@https://registry.npmjs.org/glob-parent/-/glob-parent-6.0.2.tgz 0ms (cache hit)
274 http cache is-glob@https://registry.npmjs.org/is-glob/-/is-glob-4.0.3.tgz 0ms (cache hit)
275 http cache dlv@https://registry.npmjs.org/dlv/-/dlv-1.1.3.tgz 0ms (cache hit)
276 http cache @alloc/quick-lru@https://registry.npmjs.org/@alloc/quick-lru/-/quick-lru-5.2.0.tgz 0ms (cache hit)
277 http cache picomatch@https://registry.npmjs.org/picomatch/-/picomatch-2.3.1.tgz 0ms (cache hit)
278 http cache didyoumean@https://registry.npmjs.org/didyoumean/-/didyoumean-1.2.2.tgz 0ms (cache hit)
279 http cache jiti@https://registry.npmjs.org/jiti/-/jiti-1.21.7.tgz 0ms (cache hit)
280 http cache chokidar@https://registry.npmjs.org/chokidar/-/chokidar-3.6.0.tgz 0ms (cache hit)
281 http cache tailwindcss@https://registry.npmjs.org/tailwindcss/-/tailwindcss-3.4.19.tgz 0ms (cache hit)
282 http cache react-dom@https://registry.npmjs.org/react-dom/-/react-dom-19.2.4.tgz 0ms (cache hit)
283 http cache glob-parent@https://registry.npmjs.org/glob-parent/-/glob-parent-5.1.2.tgz 0ms (cache hit)
284 silly tarball no local data for queue-microtask@https://registry.npmjs.org/queue-microtask/-/queue-microtask-1.2.3.tgz. Extracting by manifest.
285 silly tarball no local data for util-deprecate@https://registry.npmjs.org/util-deprecate/-/util-deprecate-1.0.2.tgz. Extracting by manifest.
286 silly tarball no local data for pify@https://registry.npmjs.org/pify/-/pify-2.3.0.tgz. Extracting by manifest.
287 silly tarball no local data for cssesc@https://registry.npmjs.org/cssesc/-/cssesc-3.0.0.tgz. Extracting by manifest.
288 silly tarball no local data for camelcase-css@https://registry.npmjs.org/camelcase-css/-/camelcase-css-2.0.1.tgz. Extracting by manifest.
289 http cache glob-parent@https://registry.npmjs.org/glob-parent/-/glob-parent-5.1.2.tgz 0ms (cache hit)
290 silly tarball no local data for read-cache@https://registry.npmjs.org/read-cache/-/read-cache-1.0.0.tgz. Extracting by manifest.
291 silly tarball no local data for postcss-value-parser@https://registry.npmjs.org/postcss-value-parser/-/postcss-value-parser-4.2.0.tgz. Extracting by manifest.
292 silly tarball no local data for is-extglob@https://registry.npmjs.org/is-extglob/-/is-extglob-2.1.1.tgz. Extracting by manifest.
293 http cache scheduler@https://registry.npmjs.org/scheduler/-/scheduler-0.27.0.tgz 0ms (cache hit)
294 silly tarball no local data for reusify@https://registry.npmjs.org/reusify/-/reusify-1.1.0.tgz. Extracting by manifest.
295 silly tarball no local data for @nodelib/fs.scandir@https://registry.npmjs.org/@nodelib/fs.scandir/-/fs.scandir-2.1.5.tgz. Extracting by manifest.
296 silly tarball no local data for binary-extensions@https://registry.npmjs.org/binary-extensions/-/binary-extensions-2.3.0.tgz. Extracting by manifest.
297 silly tarball no local data for @nodelib/fs.walk@https://registry.npmjs.org/@nodelib/fs.walk/-/fs.walk-1.2.8.tgz. Extracting by manifest.
298 silly tarball no local data for fastq@https://registry.npmjs.org/fastq/-/fastq-1.20.1.tgz. Extracting by manifest.
299 silly tarball no local data for run-parallel@https://registry.npmjs.org/run-parallel/-/run-parallel-1.2.0.tgz. Extracting by manifest.
300 silly tarball no local data for merge2@https://registry.npmjs.org/merge2/-/merge2-1.4.1.tgz. Extracting by manifest.
301 silly tarball no local data for @nodelib/fs.stat@https://registry.npmjs.org/@nodelib/fs.stat/-/fs.stat-2.0.5.tgz. Extracting by manifest.
302 silly tarball no local data for readdirp@https://registry.npmjs.org/readdirp/-/readdirp-3.6.0.tgz. Extracting by manifest.
303 silly tarball no local data for postcss-selector-parser@https://registry.npmjs.org/postcss-selector-parser/-/postcss-selector-parser-6.1.2.tgz. Extracting by manifest.
304 silly tarball no local data for is-binary-path@https://registry.npmjs.org/is-binary-path/-/is-binary-path-2.1.0.tgz. Extracting by manifest.
305 silly tarball no local data for postcss-nested@https://registry.npmjs.org/postcss-nested/-/postcss-nested-6.2.0.tgz. Extracting by manifest.
306 silly tarball no local data for postcss-js@https://registry.npmjs.org/postcss-js/-/postcss-js-4.1.0.tgz. Extracting by manifest.
307 silly tarball no local data for postcss-load-config@https://registry.npmjs.org/postcss-load-config/-/postcss-load-config-6.0.1.tgz. Extracting by manifest.
308 silly tarball no local data for postcss-import@https://registry.npmjs.org/postcss-import/-/postcss-import-15.1.0.tgz. Extracting by manifest.
309 silly tarball no local data for object-hash@https://registry.npmjs.org/object-hash/-/object-hash-3.0.0.tgz. Extracting by manifest.
310 silly tarball no local data for lilconfig@https://registry.npmjs.org/lilconfig/-/lilconfig-3.1.3.tgz. Extracting by manifest.
311 silly tarball no local data for fast-glob@https://registry.npmjs.org/fast-glob/-/fast-glob-3.3.3.tgz. Extracting by manifest.
312 silly tarball no local data for glob-parent@https://registry.npmjs.org/glob-parent/-/glob-parent-6.0.2.tgz. Extracting by manifest.
313 silly tarball no local data for is-glob@https://registry.npmjs.org/is-glob/-/is-glob-4.0.3.tgz. Extracting by manifest.
314 silly tarball no local data for dlv@https://registry.npmjs.org/dlv/-/dlv-1.1.3.tgz. Extracting by manifest.
315 silly tarball no local data for @alloc/quick-lru@https://registry.npmjs.org/@alloc/quick-lru/-/quick-lru-5.2.0.tgz. Extracting by manifest.
316 silly tarball no local data for picomatch@https://registry.npmjs.org/picomatch/-/picomatch-2.3.1.tgz. Extracting by manifest.
317 silly tarball no local data for didyoumean@https://registry.npmjs.org/didyoumean/-/didyoumean-1.2.2.tgz. Extracting by manifest.
318 silly tarball no local data for jiti@https://registry.npmjs.org/jiti/-/jiti-1.21.7.tgz. Extracting by manifest.
319 silly tarball no local data for chokidar@https://registry.npmjs.org/chokidar/-/chokidar-3.6.0.tgz. Extracting by manifest.
320 silly tarball no local data for tailwindcss@https://registry.npmjs.org/tailwindcss/-/tailwindcss-3.4.19.tgz. Extracting by manifest.
321 silly tarball no local data for react-dom@https://registry.npmjs.org/react-dom/-/react-dom-19.2.4.tgz. Extracting by manifest.
322 silly tarball no local data for glob-parent@https://registry.npmjs.org/glob-parent/-/glob-parent-5.1.2.tgz. Extracting by manifest.
323 silly tarball no local data for glob-parent@https://registry.npmjs.org/glob-parent/-/glob-parent-5.1.2.tgz. Extracting by manifest.
324 silly tarball no local data for scheduler@https://registry.npmjs.org/scheduler/-/scheduler-0.27.0.tgz. Extracting by manifest.
325 http fetch GET 200 https://registry.npmjs.org/camelcase-css/-/camelcase-css-2.0.1.tgz 207ms (cache miss)
326 http fetch GET 200 https://registry.npmjs.org/util-deprecate/-/util-deprecate-1.0.2.tgz 212ms (cache miss)
327 http fetch GET 200 https://registry.npmjs.org/queue-microtask/-/queue-microtask-1.2.3.tgz 213ms (cache miss)
328 http fetch GET 200 https://registry.npmjs.org/is-extglob/-/is-extglob-2.1.1.tgz 212ms (cache miss)
329 http fetch GET 200 https://registry.npmjs.org/read-cache/-/read-cache-1.0.0.tgz 216ms (cache miss)
330 http fetch GET 200 https://registry.npmjs.org/pify/-/pify-2.3.0.tgz 219ms (cache miss)
331 http fetch GET 200 https://registry.npmjs.org/merge2/-/merge2-1.4.1.tgz 216ms (cache miss)
332 http fetch GET 200 https://registry.npmjs.org/cssesc/-/cssesc-3.0.0.tgz 222ms (cache miss)
333 http fetch GET 200 https://registry.npmjs.org/readdirp/-/readdirp-3.6.0.tgz 228ms (cache miss)
334 http fetch GET 200 https://registry.npmjs.org/is-binary-path/-/is-binary-path-2.1.0.tgz 228ms (cache miss)
335 http fetch GET 200 https://registry.npmjs.org/postcss-nested/-/postcss-nested-6.2.0.tgz 232ms (cache miss)
336 http fetch GET 200 https://registry.npmjs.org/postcss-value-parser/-/postcss-value-parser-4.2.0.tgz 238ms (cache miss)
337 http fetch POST 200 https://registry.npmjs.org/-/npm/v1/security/advisories/bulk 267ms
338 silly audit report {}
339 http fetch GET 200 https://registry.npmjs.org/object-hash/-/object-hash-3.0.0.tgz 252ms (cache miss)
340 http fetch GET 200 https://registry.npmjs.org/lilconfig/-/lilconfig-3.1.3.tgz 254ms (cache miss)
341 http fetch GET 200 https://registry.npmjs.org/postcss-load-config/-/postcss-load-config-6.0.1.tgz 257ms (cache miss)
342 http fetch GET 200 https://registry.npmjs.org/glob-parent/-/glob-parent-6.0.2.tgz 265ms (cache miss)
343 http fetch GET 200 https://registry.npmjs.org/reusify/-/reusify-1.1.0.tgz 272ms (cache miss)
344 http fetch GET 200 https://registry.npmjs.org/binary-extensions/-/binary-extensions-2.3.0.tgz 279ms (cache miss)
345 http fetch GET 200 https://registry.npmjs.org/is-glob/-/is-glob-4.0.3.tgz 286ms (cache miss)
346 http fetch GET 200 https://registry.npmjs.org/dlv/-/dlv-1.1.3.tgz 289ms (cache miss)
347 http fetch GET 200 https://registry.npmjs.org/postcss-import/-/postcss-import-15.1.0.tgz 292ms (cache miss)
348 http fetch GET 200 https://registry.npmjs.org/didyoumean/-/didyoumean-1.2.2.tgz 326ms (cache miss)
349 http fetch GET 200 https://registry.npmjs.org/postcss-js/-/postcss-js-4.1.0.tgz 333ms (cache miss)
350 http fetch GET 200 https://registry.npmjs.org/@nodelib/fs.stat/-/fs.stat-2.0.5.tgz 336ms (cache miss)
351 http fetch GET 200 https://registry.npmjs.org/run-parallel/-/run-parallel-1.2.0.tgz 342ms (cache miss)
352 http fetch GET 200 https://registry.npmjs.org/@alloc/quick-lru/-/quick-lru-5.2.0.tgz 338ms (cache miss)
353 http fetch GET 200 https://registry.npmjs.org/glob-parent/-/glob-parent-5.1.2.tgz 342ms (cache miss)
354 http fetch GET 200 https://registry.npmjs.org/@nodelib/fs.scandir/-/fs.scandir-2.1.5.tgz 359ms (cache miss)
355 http fetch GET 200 https://registry.npmjs.org/glob-parent/-/glob-parent-5.1.2.tgz 361ms (cache miss)
356 http fetch GET 200 https://registry.npmjs.org/fastq/-/fastq-1.20.1.tgz 370ms (cache miss)
357 http fetch GET 200 https://registry.npmjs.org/chokidar/-/chokidar-3.6.0.tgz 375ms (cache miss)
358 http fetch GET 200 https://registry.npmjs.org/picomatch/-/picomatch-2.3.1.tgz 381ms (cache miss)
359 http fetch GET 200 https://registry.npmjs.org/scheduler/-/scheduler-0.27.0.tgz 397ms (cache miss)
360 http fetch GET 200 https://registry.npmjs.org/@nodelib/fs.walk/-/fs.walk-1.2.8.tgz 429ms (cache miss)
361 http fetch GET 200 https://registry.npmjs.org/postcss-selector-parser/-/postcss-selector-parser-6.1.2.tgz 434ms (cache miss)
362 http fetch GET 200 https://registry.npmjs.org/jiti/-/jiti-1.21.7.tgz 452ms (cache miss)
363 http fetch GET 200 https://registry.npmjs.org/fast-glob/-/fast-glob-3.3.3.tgz 463ms (cache miss)
364 http fetch GET 200 https://registry.npmjs.org/react-dom/-/react-dom-19.2.4.tgz 666ms (cache miss)
365 http fetch GET 200 https://registry.npmjs.org/tailwindcss/-/tailwindcss-3.4.19.tgz 798ms (cache miss)
366 silly ADD node_modules/queue-microtask
367 silly ADD node_modules/pify
368 silly ADD node_modules/util-deprecate
369 silly ADD node_modules/cssesc
370 silly ADD node_modules/camelcase-css
371 silly ADD node_modules/read-cache
372 silly ADD node_modules/postcss-value-parser
373 silly ADD node_modules/is-extglob
374 silly ADD node_modules/binary-extensions
375 silly ADD node_modules/reusify
376 silly ADD node_modules/run-parallel
377 silly ADD node_modules/fastq
378 silly ADD node_modules/@nodelib/fs.scandir
379 silly ADD node_modules/merge2
380 silly ADD node_modules/@nodelib/fs.walk
381 silly ADD node_modules/@nodelib/fs.stat
382 silly ADD node_modules/readdirp
383 silly ADD node_modules/readdirp/node_modules/picomatch
384 silly ADD node_modules/is-binary-path
385 silly ADD node_modules/postcss-selector-parser
386 silly ADD node_modules/postcss-nested
387 silly ADD node_modules/postcss-load-config
388 silly ADD node_modules/postcss-js
389 silly ADD node_modules/postcss-import
390 silly ADD node_modules/object-hash
391 silly ADD node_modules/lilconfig
392 silly ADD node_modules/jiti
393 silly ADD node_modules/is-glob
394 silly ADD node_modules/glob-parent
395 silly ADD node_modules/fast-glob
396 silly ADD node_modules/fast-glob/node_modules/glob-parent
397 silly ADD node_modules/dlv
398 silly ADD node_modules/didyoumean
399 silly ADD node_modules/chokidar
400 silly ADD node_modules/chokidar/node_modules/glob-parent
401 silly ADD node_modules/@alloc/quick-lru
402 silly ADD node_modules/tailwindcss
403 silly ADD node_modules/react-dom
404 silly ADD node_modules/react-dom/node_modules/scheduler
405 silly REMOVE node_modules/lucide-react-native
406 verbose cwd C:\Users\FearCleevan\Desktop\Projects\rentapp
407 verbose os Windows_NT 10.0.26200
408 verbose node v22.17.0
409 verbose npm  v11.4.2
410 verbose exit 0
411 info ok
