0 verbose cli C:\Program Files\nodejs\node.exe C:\Users\FearCleevan\AppData\Roaming\npm\node_modules\npm\bin\npm-cli.js
1 info using npm@11.4.2
2 info using node@v22.17.0
3 silly config load:file:C:\Users\FearCleevan\AppData\Roaming\npm\node_modules\npm\npmrc
4 silly config load:file:C:\Users\FearCleevan\Desktop\Projects\rentapp\.npmrc
5 silly config load:file:C:\Users\FearCleevan\.npmrc
6 silly config load:file:C:\Users\FearCleevan\AppData\Roaming\npm\etc\npmrc
7 verbose title npm install
8 verbose argv "install" "--include" "dev" "--cache" ".npm-cache"
9 verbose logfile logs-max:10 dir:C:\Users\FearCleevan\Desktop\Projects\rentapp\.npm-cache\_logs\2026-03-25T22_18_26_879Z-
10 verbose logfile C:\Users\FearCleevan\Desktop\Projects\rentapp\.npm-cache\_logs\2026-03-25T22_18_26_879Z-debug-0.log
11 silly logfile done cleaning log files
12 silly packumentCache heap:4345298944 maxSize:1086324736 maxEntrySize:543162368
13 silly idealTree buildDeps
14 silly fetch manifest react-dom@>=16.8 || ^17.0.0 || ^18.0.0
15 silly packumentCache full:https://registry.npmjs.org/react-dom cache-miss
16 http fetch GET 200 https://registry.npmjs.org/react-dom 604ms (cache updated)
17 silly packumentCache full:https://registry.npmjs.org/react-dom set size:undefined disposed:false
18 silly fetch manifest react@>=16.8 || ^17.0.0 || ^18.0.0
19 silly packumentCache full:https://registry.npmjs.org/react cache-miss
20 http fetch GET 200 https://registry.npmjs.org/react 307ms (cache updated)
21 silly packumentCache full:https://registry.npmjs.org/react set size:undefined disposed:false
22 silly placeDep ROOT react-dom@19.2.4 CONFLICT for: framer-motion@6.5.1 want: >=16.8 || ^17.0.0 || ^18.0.0
23 warn ERESOLVE overriding peer dependency {
23 warn ERESOLVE   code: 'ERESOLVE',
23 warn ERESOLVE   edge: {
23 warn ERESOLVE     type: 'peer',
23 warn ERESOLVE     name: 'react',
23 warn ERESOLVE     spec: '^19.2.4',
23 warn ERESOLVE     error: 'INVALID',
23 warn ERESOLVE     from: {
23 warn ERESOLVE       name: 'react-dom',
23 warn ERESOLVE       version: '19.2.4',
23 warn ERESOLVE       location: 'node_modules/react-dom',
23 warn ERESOLVE       isWorkspace: false,
23 warn ERESOLVE       dependents: [Array]
23 warn ERESOLVE     }
23 warn ERESOLVE   },
23 warn ERESOLVE   dep: {
23 warn ERESOLVE     name: 'react',
23 warn ERESOLVE     version: '19.2.4',
23 warn ERESOLVE     whileInstalling: {
23 warn ERESOLVE       name: 'framer-motion',
23 warn ERESOLVE       version: '6.5.1',
23 warn ERESOLVE       path: 'C:\\Users\\FearCleevan\\Desktop\\Projects\\rentapp\\node_modules\\framer-motion'
23 warn ERESOLVE     },
23 warn ERESOLVE     location: 'node_modules/react',
23 warn ERESOLVE     isWorkspace: false,
23 warn ERESOLVE     dependents: [ [Object] ]
23 warn ERESOLVE   },
23 warn ERESOLVE   force: false,
23 warn ERESOLVE   isMine: false,
23 warn ERESOLVE   strictPeerDeps: false,
23 warn ERESOLVE   current: {
23 warn ERESOLVE     name: 'react',
23 warn ERESOLVE     version: '19.1.0',
23 warn ERESOLVE     location: 'node_modules/react',
23 warn ERESOLVE     isWorkspace: false,
23 warn ERESOLVE     dependents: [ [Object] ]
23 warn ERESOLVE   },
23 warn ERESOLVE   peerConflict: {
23 warn ERESOLVE     name: 'react',
23 warn ERESOLVE     version: '19.1.0',
23 warn ERESOLVE     location: 'node_modules/react',
23 warn ERESOLVE     isWorkspace: false,
23 warn ERESOLVE     dependents: [ [Object] ]
23 warn ERESOLVE   }
23 warn ERESOLVE }
24 silly fetch manifest react@^19.2.4
25 silly packumentCache full:https://registry.npmjs.org/react cache-miss
26 silly fetch manifest scheduler@^0.27.0
27 silly packumentCache full:https://registry.npmjs.org/scheduler cache-miss
28 http cache https://registry.npmjs.org/react 17ms (cache hit)
29 silly packumentCache full:https://registry.npmjs.org/react set size:6565280 disposed:false
30 http fetch GET 200 https://registry.npmjs.org/scheduler 854ms (cache updated)
31 silly packumentCache full:https://registry.npmjs.org/scheduler set size:undefined disposed:false
32 silly fetch manifest tailwindcss@>3.3.0
33 silly packumentCache full:https://registry.npmjs.org/tailwindcss cache-miss
34 http fetch GET 200 https://registry.npmjs.org/tailwindcss 540ms (cache updated)
35 silly packumentCache full:https://registry.npmjs.org/tailwindcss set size:undefined disposed:false
36 silly placeDep ROOT tailwindcss@4.2.2 OK for: nativewind@4.2.3 want: >3.3.0
37 silly placeDep ROOT scheduler@0.27.0 OK for: react-dom@19.2.4 want: ^0.27.0
38 silly fetch manifest tailwindcss@~3
39 silly packumentCache full:https://registry.npmjs.org/tailwindcss cache-miss
40 http cache https://registry.npmjs.org/tailwindcss 20ms (cache hit)
41 silly packumentCache full:https://registry.npmjs.org/tailwindcss set size:10313396 disposed:false
42 silly placeDep ROOT tailwindcss@3.4.19 REPLACE for: react-native-css-interop@0.2.3 want: ~3
43 silly fetch manifest dlv@^1.1.3
44 silly packumentCache full:https://registry.npmjs.org/dlv cache-miss
45 silly fetch manifest jiti@^1.21.7
46 silly packumentCache full:https://registry.npmjs.org/jiti cache-miss
47 silly fetch manifest is-glob@^4.0.3
48 silly packumentCache full:https://registry.npmjs.org/is-glob cache-miss
49 silly fetch manifest postcss@^8.4.47
50 silly packumentCache full:https://registry.npmjs.org/postcss cache-miss
51 silly fetch manifest chokidar@^3.6.0
52 silly packumentCache full:https://registry.npmjs.org/chokidar cache-miss
53 silly fetch manifest fast-glob@^3.3.2
54 silly packumentCache full:https://registry.npmjs.org/fast-glob cache-miss
55 silly fetch manifest lilconfig@^3.1.3
56 silly packumentCache full:https://registry.npmjs.org/lilconfig cache-miss
57 silly fetch manifest didyoumean@^1.2.2
58 silly packumentCache full:https://registry.npmjs.org/didyoumean cache-miss
59 silly fetch manifest postcss-js@^4.0.1
60 silly packumentCache full:https://registry.npmjs.org/postcss-js cache-miss
61 silly fetch manifest glob-parent@^6.0.2
62 silly packumentCache full:https://registry.npmjs.org/glob-parent cache-miss
63 silly fetch manifest object-hash@^3.0.0
64 silly packumentCache full:https://registry.npmjs.org/object-hash cache-miss
65 http fetch GET 200 https://registry.npmjs.org/jiti 77ms (cache revalidated)
66 silly packumentCache full:https://registry.npmjs.org/jiti set size:382310 disposed:false
67 silly fetch manifest postcss-import@^15.1.0
68 silly packumentCache full:https://registry.npmjs.org/postcss-import cache-miss
69 http fetch GET 200 https://registry.npmjs.org/didyoumean 309ms (cache revalidated)
70 silly packumentCache full:https://registry.npmjs.org/didyoumean set size:11446 disposed:false
71 silly fetch manifest postcss-nested@^6.2.0
72 silly packumentCache full:https://registry.npmjs.org/postcss-nested cache-miss
73 http fetch GET 200 https://registry.npmjs.org/glob-parent 312ms (cache revalidated)
74 silly packumentCache full:https://registry.npmjs.org/glob-parent set size:42445 disposed:false
75 silly fetch manifest @alloc/quick-lru@^5.2.0
76 silly packumentCache full:https://registry.npmjs.org/@alloc%2fquick-lru cache-miss
77 http fetch GET 200 https://registry.npmjs.org/is-glob 326ms (cache revalidated)
78 silly packumentCache full:https://registry.npmjs.org/is-glob set size:40530 disposed:false
79 silly fetch manifest postcss-load-config@^4.0.2 || ^5.0 || ^6.0
80 silly packumentCache full:https://registry.npmjs.org/postcss-load-config cache-miss
81 http fetch GET 200 https://registry.npmjs.org/dlv 335ms (cache revalidated)
82 silly packumentCache full:https://registry.npmjs.org/dlv set size:16709 disposed:false
83 silly fetch manifest postcss-selector-parser@^6.1.2
84 silly packumentCache full:https://registry.npmjs.org/postcss-selector-parser cache-miss
85 http fetch GET 200 https://registry.npmjs.org/postcss 336ms (cache revalidated)
86 silly packumentCache full:https://registry.npmjs.org/postcss set size:702266 disposed:false
87 http fetch GET 200 https://registry.npmjs.org/postcss-load-config 69ms (cache revalidated)
88 silly packumentCache full:https://registry.npmjs.org/postcss-load-config set size:86425 disposed:false
89 http fetch GET 200 https://registry.npmjs.org/postcss-nested 227ms (cache revalidated)
90 silly packumentCache full:https://registry.npmjs.org/postcss-nested set size:79120 disposed:false
91 http fetch GET 200 https://registry.npmjs.org/object-hash 555ms (cache revalidated)
92 silly packumentCache full:https://registry.npmjs.org/object-hash set size:100564 disposed:false
93 http fetch GET 200 https://registry.npmjs.org/postcss-import 516ms (cache revalidated)
94 silly packumentCache full:https://registry.npmjs.org/postcss-import set size:120971 disposed:false
95 http fetch GET 200 https://registry.npmjs.org/postcss-js 631ms (cache revalidated)
96 silly packumentCache full:https://registry.npmjs.org/postcss-js set size:51308 disposed:false
97 http fetch GET 200 https://registry.npmjs.org/fast-glob 687ms (cache revalidated)
98 silly packumentCache full:https://registry.npmjs.org/fast-glob set size:220556 disposed:false
99 http fetch GET 200 https://registry.npmjs.org/chokidar 839ms (cache revalidated)
100 silly packumentCache full:https://registry.npmjs.org/chokidar set size:255902 disposed:false
101 http fetch GET 200 https://registry.npmjs.org/postcss-selector-parser 536ms (cache revalidated)
102 silly packumentCache full:https://registry.npmjs.org/postcss-selector-parser set size:177140 disposed:false
103 http fetch GET 200 https://registry.npmjs.org/@alloc%2fquick-lru 623ms (cache revalidated)
104 silly packumentCache full:https://registry.npmjs.org/@alloc%2fquick-lru set size:7269 disposed:false
105 http fetch GET 200 https://registry.npmjs.org/lilconfig 1090ms (cache revalidated)
106 silly packumentCache full:https://registry.npmjs.org/lilconfig set size:45636 disposed:false
107 silly fetch manifest tsx@^4.8.1
108 silly packumentCache full:https://registry.npmjs.org/tsx cache-miss
109 http fetch GET 200 https://registry.npmjs.org/tsx 324ms (cache revalidated)
110 silly packumentCache full:https://registry.npmjs.org/tsx set size:289592 disposed:false
111 silly fetch manifest yaml@^2.4.2
112 silly packumentCache full:https://registry.npmjs.org/yaml cache-miss
113 http fetch GET 200 https://registry.npmjs.org/yaml 83ms (cache updated)
114 silly packumentCache full:https://registry.npmjs.org/yaml set size:undefined disposed:false
115 silly placeDep ROOT @alloc/quick-lru@5.2.0 OK for: tailwindcss@3.4.19 want: ^5.2.0
116 silly placeDep ROOT chokidar@3.6.0 OK for: tailwindcss@3.4.19 want: ^3.6.0
117 silly placeDep ROOT didyoumean@1.2.2 OK for: tailwindcss@3.4.19 want: ^1.2.2
118 silly placeDep ROOT dlv@1.1.3 OK for: tailwindcss@3.4.19 want: ^1.1.3
119 silly placeDep ROOT fast-glob@3.3.3 OK for: tailwindcss@3.4.19 want: ^3.3.2
120 silly placeDep ROOT glob-parent@6.0.2 OK for: tailwindcss@3.4.19 want: ^6.0.2
121 silly placeDep ROOT is-glob@4.0.3 OK for: tailwindcss@3.4.19 want: ^4.0.3
122 silly placeDep ROOT jiti@1.21.7 OK for: tailwindcss@3.4.19 want: ^1.21.7
123 silly placeDep ROOT lilconfig@3.1.3 OK for: tailwindcss@3.4.19 want: ^3.1.3
124 silly placeDep ROOT object-hash@3.0.0 OK for: tailwindcss@3.4.19 want: ^3.0.0
125 silly placeDep ROOT postcss@8.5.8 OK for: tailwindcss@3.4.19 want: ^8.4.47
126 silly placeDep ROOT postcss-import@15.1.0 OK for: tailwindcss@3.4.19 want: ^15.1.0
127 silly placeDep ROOT postcss-js@4.1.0 OK for: tailwindcss@3.4.19 want: ^4.0.1
128 silly placeDep ROOT postcss-load-config@6.0.1 OK for: tailwindcss@3.4.19 want: ^4.0.2 || ^5.0 || ^6.0
129 silly placeDep ROOT postcss-nested@6.2.0 OK for: tailwindcss@3.4.19 want: ^6.2.0
130 silly placeDep ROOT postcss-selector-parser@6.1.2 OK for: tailwindcss@3.4.19 want: ^6.1.2
131 silly fetch manifest is-glob@~4.0.1
132 silly packumentCache full:https://registry.npmjs.org/is-glob cache-hit
133 silly fetch manifest readdirp@~3.6.0
134 silly packumentCache full:https://registry.npmjs.org/readdirp cache-miss
135 silly fetch manifest glob-parent@~5.1.2
136 silly packumentCache full:https://registry.npmjs.org/glob-parent cache-hit
137 silly fetch manifest is-binary-path@~2.1.0
138 silly packumentCache full:https://registry.npmjs.org/is-binary-path cache-miss
139 silly fetch manifest @nodelib/fs.stat@^2.0.2
140 silly packumentCache full:https://registry.npmjs.org/@nodelib%2ffs.stat cache-miss
141 silly fetch manifest @nodelib/fs.walk@^1.2.3
142 silly packumentCache full:https://registry.npmjs.org/@nodelib%2ffs.walk cache-miss
143 silly fetch manifest glob-parent@^5.1.2
144 silly packumentCache full:https://registry.npmjs.org/glob-parent cache-hit
145 silly fetch manifest merge2@^1.3.0
146 silly packumentCache full:https://registry.npmjs.org/merge2 cache-miss
147 silly fetch manifest is-extglob@^2.1.1
148 silly packumentCache full:https://registry.npmjs.org/is-extglob cache-miss
149 silly fetch manifest read-cache@^1.0.0
150 silly packumentCache full:https://registry.npmjs.org/read-cache cache-miss
151 silly fetch manifest postcss-value-parser@^4.0.0
152 silly packumentCache full:https://registry.npmjs.org/postcss-value-parser cache-miss
153 silly fetch manifest camelcase-css@^2.0.1
154 silly packumentCache full:https://registry.npmjs.org/camelcase-css cache-miss
155 silly fetch manifest postcss-selector-parser@^6.1.1
156 silly packumentCache full:https://registry.npmjs.org/postcss-selector-parser cache-hit
157 silly fetch manifest cssesc@^3.0.0
158 silly packumentCache full:https://registry.npmjs.org/cssesc cache-miss
159 silly fetch manifest util-deprecate@^1.0.2
160 silly packumentCache full:https://registry.npmjs.org/util-deprecate cache-miss
161 http fetch GET 200 https://registry.npmjs.org/is-extglob 77ms (cache revalidated)
162 silly packumentCache full:https://registry.npmjs.org/is-extglob set size:11766 disposed:false
163 http fetch GET 200 https://registry.npmjs.org/util-deprecate 75ms (cache revalidated)
164 silly packumentCache full:https://registry.npmjs.org/util-deprecate set size:6674 disposed:false
165 http fetch GET 200 https://registry.npmjs.org/readdirp 227ms (cache revalidated)
166 silly packumentCache full:https://registry.npmjs.org/readdirp set size:107589 disposed:false
167 http fetch GET 200 https://registry.npmjs.org/is-binary-path 236ms (cache revalidated)
168 silly packumentCache full:https://registry.npmjs.org/is-binary-path set size:13475 disposed:false
169 http fetch GET 200 https://registry.npmjs.org/cssesc 233ms (cache revalidated)
170 silly packumentCache full:https://registry.npmjs.org/cssesc set size:18815 disposed:false
171 http fetch GET 200 https://registry.npmjs.org/merge2 237ms (cache revalidated)
172 silly packumentCache full:https://registry.npmjs.org/merge2 set size:46159 disposed:false
173 http fetch GET 200 https://registry.npmjs.org/postcss-value-parser 246ms (cache revalidated)
174 silly packumentCache full:https://registry.npmjs.org/postcss-value-parser set size:73484 disposed:false
175 http fetch GET 200 https://registry.npmjs.org/read-cache 291ms (cache revalidated)
176 silly packumentCache full:https://registry.npmjs.org/read-cache set size:3003 disposed:false
177 http fetch GET 200 https://registry.npmjs.org/camelcase-css 515ms (cache revalidated)
178 silly packumentCache full:https://registry.npmjs.org/camelcase-css set size:9392 disposed:false
179 http fetch GET 200 https://registry.npmjs.org/@nodelib%2ffs.stat 535ms (cache revalidated)
180 silly packumentCache full:https://registry.npmjs.org/@nodelib%2ffs.stat set size:36993 disposed:false
181 http fetch GET 200 https://registry.npmjs.org/@nodelib%2ffs.walk 773ms (cache revalidated)
182 silly packumentCache full:https://registry.npmjs.org/@nodelib%2ffs.walk set size:41589 disposed:false
183 silly placeDep node_modules/chokidar glob-parent@5.1.2 OK for: chokidar@3.6.0 want: ~5.1.2
184 silly placeDep ROOT is-binary-path@2.1.0 OK for: chokidar@3.6.0 want: ~2.1.0
185 silly placeDep ROOT readdirp@3.6.0 OK for: chokidar@3.6.0 want: ~3.6.0
186 silly fetch manifest binary-extensions@^2.0.0
187 silly packumentCache full:https://registry.npmjs.org/binary-extensions cache-miss
188 http fetch GET 200 https://registry.npmjs.org/binary-extensions 59ms (cache revalidated)
189 silly packumentCache full:https://registry.npmjs.org/binary-extensions set size:51551 disposed:false
190 silly placeDep ROOT @nodelib/fs.stat@2.0.5 OK for: fast-glob@3.3.3 want: ^2.0.2
191 silly placeDep ROOT @nodelib/fs.walk@1.2.8 OK for: fast-glob@3.3.3 want: ^1.2.3
192 silly placeDep node_modules/fast-glob glob-parent@5.1.2 OK for: fast-glob@3.3.3 want: ^5.1.2
193 silly placeDep ROOT merge2@1.4.1 OK for: fast-glob@3.3.3 want: ^1.3.0
194 silly fetch manifest fastq@^1.6.0
195 silly packumentCache full:https://registry.npmjs.org/fastq cache-miss
196 silly fetch manifest @nodelib/fs.scandir@2.1.5
197 silly packumentCache full:https://registry.npmjs.org/@nodelib%2ffs.scandir cache-miss
198 http fetch GET 200 https://registry.npmjs.org/fastq 69ms (cache revalidated)
199 silly packumentCache full:https://registry.npmjs.org/fastq set size:78301 disposed:false
200 http fetch GET 200 https://registry.npmjs.org/@nodelib%2ffs.scandir 569ms (cache revalidated)
201 silly packumentCache full:https://registry.npmjs.org/@nodelib%2ffs.scandir set size:49256 disposed:false
202 silly placeDep ROOT @nodelib/fs.scandir@2.1.5 OK for: @nodelib/fs.walk@1.2.8 want: 2.1.5
203 silly placeDep ROOT fastq@1.20.1 OK for: @nodelib/fs.walk@1.2.8 want: ^1.6.0
204 silly fetch manifest run-parallel@^1.1.9
205 silly packumentCache full:https://registry.npmjs.org/run-parallel cache-miss
206 silly fetch manifest reusify@^1.0.4
207 silly packumentCache full:https://registry.npmjs.org/reusify cache-miss
208 http fetch GET 200 https://registry.npmjs.org/reusify 55ms (cache revalidated)
209 silly packumentCache full:https://registry.npmjs.org/reusify set size:14249 disposed:false
210 http fetch GET 200 https://registry.npmjs.org/run-parallel 84ms (cache revalidated)
211 silly packumentCache full:https://registry.npmjs.org/run-parallel set size:35172 disposed:false
212 silly placeDep ROOT run-parallel@1.2.0 OK for: @nodelib/fs.scandir@2.1.5 want: ^1.1.9
213 silly fetch manifest queue-microtask@^1.2.2
214 silly packumentCache full:https://registry.npmjs.org/queue-microtask cache-miss
215 http fetch GET 200 https://registry.npmjs.org/queue-microtask 107ms (cache revalidated)
216 silly packumentCache full:https://registry.npmjs.org/queue-microtask set size:36088 disposed:false
217 silly placeDep ROOT reusify@1.1.0 OK for: fastq@1.20.1 want: ^1.0.4
218 silly placeDep ROOT binary-extensions@2.3.0 OK for: is-binary-path@2.1.0 want: ^2.0.0
219 silly placeDep ROOT is-extglob@2.1.1 OK for: is-glob@4.0.3 want: ^2.1.1
220 silly placeDep ROOT postcss-value-parser@4.2.0 OK for: postcss-import@15.1.0 want: ^4.0.0
221 silly placeDep ROOT read-cache@1.0.0 OK for: postcss-import@15.1.0 want: ^1.0.0
222 silly fetch manifest pify@^2.3.0
223 silly packumentCache full:https://registry.npmjs.org/pify cache-miss
224 http fetch GET 200 https://registry.npmjs.org/pify 215ms (cache revalidated)
225 silly packumentCache full:https://registry.npmjs.org/pify set size:33583 disposed:false
226 silly placeDep ROOT camelcase-css@2.0.1 OK for: postcss-js@4.1.0 want: ^2.0.1
227 silly placeDep ROOT cssesc@3.0.0 OK for: postcss-selector-parser@6.1.2 want: ^3.0.0
228 silly placeDep ROOT util-deprecate@1.0.2 OK for: postcss-selector-parser@6.1.2 want: ^1.0.2
229 silly placeDep ROOT pify@2.3.0 OK for: read-cache@1.0.0 want: ^2.3.0
230 silly placeDep ROOT queue-microtask@1.2.3 OK for: run-parallel@1.2.0 want: ^1.2.2
231 silly reify moves {}
232 silly audit bulk request {
232 silly audit   '@0no-co/graphql.web': [ '1.2.0' ],
232 silly audit   '@babel/code-frame': [ '7.29.0', '7.10.4' ],
232 silly audit   '@babel/compat-data': [ '7.29.0' ],
232 silly audit   '@babel/core': [ '7.29.0' ],
232 silly audit   '@babel/generator': [ '7.29.1' ],
232 silly audit   '@babel/helper-annotate-as-pure': [ '7.27.3' ],
232 silly audit   '@babel/helper-compilation-targets': [ '7.28.6' ],
232 silly audit   '@babel/helper-create-class-features-plugin': [ '7.28.6' ],
232 silly audit   '@babel/helper-create-regexp-features-plugin': [ '7.28.5' ],
232 silly audit   '@babel/helper-define-polyfill-provider': [ '0.6.8' ],
232 silly audit   '@babel/helper-globals': [ '7.28.0' ],
232 silly audit   '@babel/helper-member-expression-to-functions': [ '7.28.5' ],
232 silly audit   '@babel/helper-module-imports': [ '7.28.6' ],
232 silly audit   '@babel/helper-module-transforms': [ '7.28.6' ],
232 silly audit   '@babel/helper-optimise-call-expression': [ '7.27.1' ],
232 silly audit   '@babel/helper-plugin-utils': [ '7.28.6' ],
232 silly audit   '@babel/helper-remap-async-to-generator': [ '7.27.1' ],
232 silly audit   '@babel/helper-replace-supers': [ '7.28.6' ],
232 silly audit   '@babel/helper-skip-transparent-expression-wrappers': [ '7.27.1' ],
232 silly audit   '@babel/helper-string-parser': [ '7.27.1' ],
232 silly audit   '@babel/helper-validator-identifier': [ '7.28.5' ],
232 silly audit   '@babel/helper-validator-option': [ '7.27.1' ],
232 silly audit   '@babel/helper-wrap-function': [ '7.28.6' ],
232 silly audit   '@babel/helpers': [ '7.29.2' ],
232 silly audit   '@babel/highlight': [ '7.25.9' ],
232 silly audit   'ansi-styles': [ '3.2.1', '4.3.0', '5.2.0' ],
232 silly audit   chalk: [ '2.4.2', '4.1.2' ],
232 silly audit   'color-convert': [ '1.9.3', '2.0.1' ],
232 silly audit   'color-name': [ '1.1.3', '1.1.4' ],
232 silly audit   'escape-string-regexp': [ '1.0.5', '4.0.0', '2.0.0' ],
232 silly audit   'has-flag': [ '3.0.0', '4.0.0' ],
232 silly audit   'supports-color': [ '5.5.0', '8.1.1', '7.2.0' ],
232 silly audit   '@babel/parser': [ '7.29.2' ],
232 silly audit   '@babel/plugin-proposal-decorators': [ '7.29.0' ],
232 silly audit   '@babel/plugin-proposal-export-default-from': [ '7.27.1' ],
232 silly audit   '@babel/plugin-syntax-async-generators': [ '7.8.4' ],
232 silly audit   '@babel/plugin-syntax-bigint': [ '7.8.3' ],
232 silly audit   '@babel/plugin-syntax-class-properties': [ '7.12.13' ],
232 silly audit   '@babel/plugin-syntax-class-static-block': [ '7.14.5' ],
232 silly audit   '@babel/plugin-syntax-decorators': [ '7.28.6' ],
232 silly audit   '@babel/plugin-syntax-dynamic-import': [ '7.8.3' ],
232 silly audit   '@babel/plugin-syntax-export-default-from': [ '7.28.6' ],
232 silly audit   '@babel/plugin-syntax-flow': [ '7.28.6' ],
232 silly audit   '@babel/plugin-syntax-import-attributes': [ '7.28.6' ],
232 silly audit   '@babel/plugin-syntax-import-meta': [ '7.10.4' ],
232 silly audit   '@babel/plugin-syntax-json-strings': [ '7.8.3' ],
232 silly audit   '@babel/plugin-syntax-jsx': [ '7.28.6' ],
232 silly audit   '@babel/plugin-syntax-logical-assignment-operators': [ '7.10.4' ],
232 silly audit   '@babel/plugin-syntax-nullish-coalescing-operator': [ '7.8.3' ],
232 silly audit   '@babel/plugin-syntax-numeric-separator': [ '7.10.4' ],
232 silly audit   '@babel/plugin-syntax-object-rest-spread': [ '7.8.3' ],
232 silly audit   '@babel/plugin-syntax-optional-catch-binding': [ '7.8.3' ],
232 silly audit   '@babel/plugin-syntax-optional-chaining': [ '7.8.3' ],
232 silly audit   '@babel/plugin-syntax-private-property-in-object': [ '7.14.5' ],
232 silly audit   '@babel/plugin-syntax-top-level-await': [ '7.14.5' ],
232 silly audit   '@babel/plugin-syntax-typescript': [ '7.28.6' ],
232 silly audit   '@babel/plugin-transform-arrow-functions': [ '7.27.1' ],
232 silly audit   '@babel/plugin-transform-async-generator-functions': [ '7.29.0' ],
232 silly audit   '@babel/plugin-transform-async-to-generator': [ '7.28.6' ],
232 silly audit   '@babel/plugin-transform-block-scoping': [ '7.28.6' ],
232 silly audit   '@babel/plugin-transform-class-properties': [ '7.28.6' ],
232 silly audit   '@babel/plugin-transform-class-static-block': [ '7.28.6' ],
232 silly audit   '@babel/plugin-transform-classes': [ '7.28.6' ],
232 silly audit   '@babel/plugin-transform-computed-properties': [ '7.28.6' ],
232 silly audit   '@babel/plugin-transform-destructuring': [ '7.28.5' ],
232 silly audit   '@babel/plugin-transform-export-namespace-from': [ '7.27.1' ],
232 silly audit   '@babel/plugin-transform-flow-strip-types': [ '7.27.1' ],
232 silly audit   '@babel/plugin-transform-for-of': [ '7.27.1' ],
232 silly audit   '@babel/plugin-transform-function-name': [ '7.27.1' ],
232 silly audit   '@babel/plugin-transform-literals': [ '7.27.1' ],
232 silly audit   '@babel/plugin-transform-logical-assignment-operators': [ '7.28.6' ],
232 silly audit   '@babel/plugin-transform-modules-commonjs': [ '7.28.6' ],
232 silly audit   '@babel/plugin-transform-named-capturing-groups-regex': [ '7.29.0' ],
232 silly audit   '@babel/plugin-transform-nullish-coalescing-operator': [ '7.28.6' ],
232 silly audit   '@babel/plugin-transform-numeric-separator': [ '7.28.6' ],
232 silly audit   '@babel/plugin-transform-object-rest-spread': [ '7.28.6' ],
232 silly audit   '@babel/plugin-transform-optional-catch-binding': [ '7.28.6' ],
232 silly audit   '@babel/plugin-transform-optional-chaining': [ '7.28.6' ],
232 silly audit   '@babel/plugin-transform-parameters': [ '7.27.7' ],
232 silly audit   '@babel/plugin-transform-private-methods': [ '7.28.6' ],
232 silly audit   '@babel/plugin-transform-private-property-in-object': [ '7.28.6' ],
232 silly audit   '@babel/plugin-transform-react-display-name': [ '7.28.0' ],
232 silly audit   '@babel/plugin-transform-react-jsx': [ '7.28.6' ],
232 silly audit   '@babel/plugin-transform-react-jsx-development': [ '7.27.1' ],
232 silly audit   '@babel/plugin-transform-react-jsx-self': [ '7.27.1' ],
232 silly audit   '@babel/plugin-transform-react-jsx-source': [ '7.27.1' ],
232 silly audit   '@babel/plugin-transform-react-pure-annotations': [ '7.27.1' ],
232 silly audit   '@babel/plugin-transform-regenerator': [ '7.29.0' ],
232 silly audit   '@babel/plugin-transform-runtime': [ '7.29.0' ],
232 silly audit   '@babel/plugin-transform-shorthand-properties': [ '7.27.1' ],
232 silly audit   '@babel/plugin-transform-spread': [ '7.28.6' ],
232 silly audit   '@babel/plugin-transform-sticky-regex': [ '7.27.1' ],
232 silly audit   '@babel/plugin-transform-template-literals': [ '7.27.1' ],
232 silly audit   '@babel/plugin-transform-typescript': [ '7.28.6' ],
232 silly audit   '@babel/plugin-transform-unicode-regex': [ '7.27.1' ],
232 silly audit   '@babel/preset-react': [ '7.28.5' ],
232 silly audit   '@babel/preset-typescript': [ '7.28.5' ],
232 silly audit   '@babel/runtime': [ '7.29.2' ],
232 silly audit   '@babel/template': [ '7.28.6' ],
232 silly audit   '@babel/traverse': [ '7.29.0' ],
232 silly audit   '@babel/types': [ '7.29.0' ],
232 silly audit   '@callstack/react-theme-provider': [ '3.0.9' ],
232 silly audit   deepmerge: [ '3.3.0', '4.3.1' ],
232 silly audit   '@egjs/hammerjs': [ '2.0.17' ],
232 silly audit   '@emotion/is-prop-valid': [ '0.8.8' ],
232 silly audit   '@emotion/memoize': [ '0.7.4' ],
232 silly audit   '@expo-google-fonts/plus-jakarta-sans': [ '0.2.3' ],
232 silly audit   '@expo/code-signing-certificates': [ '0.0.6' ],
232 silly audit   '@expo/config': [ '12.0.13' ],
232 silly audit   '@expo/config-plugins': [ '54.0.4' ],
232 silly audit   'balanced-match': [ '4.0.4', '1.0.2' ],
232 silly audit   'brace-expansion': [ '5.0.5', '1.1.12', '2.0.2' ],
232 silly audit   glob: [ '13.0.6', '7.2.3', '9.3.5' ],
232 silly audit   'lru-cache': [ '11.2.7', '10.4.3', '5.1.1' ],
232 silly audit   minimatch: [ '10.2.4', '3.1.5', '8.0.7', '9.0.9' ],
232 silly audit   minipass: [ '7.1.3', '4.2.8' ],
232 silly audit   'path-scurry': [ '2.0.2', '1.11.1' ],
232 silly audit   semver: [ '7.7.4', '7.6.3', '7.7.2', '6.3.1' ],
232 silly audit   '@expo/config-types': [ '54.0.10' ],
232 silly audit   '@expo/devcert': [ '1.2.1' ],
232 silly audit   debug: [ '3.2.7', '2.6.9', '4.4.3' ],
232 silly audit   '@expo/devtools': [ '0.1.8' ],
232 silly audit   '@expo/env': [ '2.0.11' ],
232 silly audit   '@expo/fingerprint': [ '0.15.4' ],
232 silly audit   '@expo/image-utils': [ '0.8.12' ],
232 silly audit   '@expo/json-file': [ '10.0.12' ],
232 silly audit   '@expo/metro': [ '54.2.0' ],
232 silly audit   '@expo/osascript': [ '2.4.2' ],
232 silly audit   '@expo/package-manager': [ '1.10.3' ],
232 silly audit   '@expo/plist': [ '0.4.8' ],
232 silly audit   '@expo/prebuild-config': [ '54.0.8' ],
232 silly audit   '@expo/schema-utils': [ '0.1.8' ],
232 silly audit   '@expo/sdk-runtime-versions': [ '1.0.0' ],
232 silly audit   '@expo/spawn-async': [ '1.7.2' ],
232 silly audit   '@expo/sudo-prompt': [ '9.3.2' ],
232 silly audit   '@expo/vector-icons': [ '15.1.1' ],
232 silly audit   '@expo/ws-tunnel': [ '1.0.6' ],
232 silly audit   '@expo/xcpretty': [ '4.4.1' ],
232 silly audit   argparse: [ '2.0.1', '1.0.10' ],
232 silly audit   'js-yaml': [ '4.1.1', '3.14.2' ],
232 silly audit   '@gorhom/bottom-sheet': [ '4.6.4' ],
232 silly audit   '@gorhom/portal': [ '1.0.14' ],
232 silly audit   '@hookform/resolvers': [ '3.10.0' ],
232 silly audit   '@ide/backoff': [ '1.0.0' ],
232 silly audit   '@isaacs/fs-minipass': [ '4.0.1' ],
232 silly audit   '@isaacs/ttlcache': [ '1.4.1' ],
232 silly audit   '@istanbuljs/load-nyc-config': [ '1.1.0' ],
232 silly audit   camelcase: [ '5.3.1', '6.3.0' ],
232 silly audit   'find-up': [ '4.1.0', '3.0.0' ],
232 silly audit   'locate-path': [ '5.0.0', '3.0.0' ],
232 silly audit   'p-limit': [ '2.3.0', '3.1.0' ],
232 silly audit   'p-locate': [ '4.1.0', '3.0.0' ],
232 silly audit   'path-exists': [ '4.0.0', '3.0.0' ],
232 silly audit   '@istanbuljs/schema': [ '0.1.3' ],
232 silly audit   '@jest/create-cache-key-function': [ '29.7.0' ],
232 silly audit   '@jest/environment': [ '29.7.0' ],
232 silly audit   '@jest/fake-timers': [ '29.7.0' ],
232 silly audit   '@jest/schemas': [ '29.6.3' ],
232 silly audit   '@jest/transform': [ '29.7.0' ],
232 silly audit   '@jest/types': [ '29.6.3' ],
232 silly audit   '@jridgewell/gen-mapping': [ '0.3.13' ],
232 silly audit   '@jridgewell/remapping': [ '2.3.5' ],
232 silly audit   '@jridgewell/resolve-uri': [ '3.1.2' ],
232 silly audit   '@jridgewell/source-map': [ '0.3.11' ],
232 silly audit   '@jridgewell/sourcemap-codec': [ '1.5.5' ],
232 silly audit   '@jridgewell/trace-mapping': [ '0.3.31' ],
232 silly audit   '@motionone/animation': [ '10.18.0' ],
232 silly audit   '@motionone/dom': [ '10.12.0' ],
232 silly audit   '@motionone/easing': [ '10.18.0' ],
232 silly audit   '@motionone/generators': [ '10.18.0' ],
232 silly audit   '@motionone/types': [ '10.17.1' ],
232 silly audit   '@motionone/utils': [ '10.18.0' ],
232 silly audit   '@radix-ui/primitive': [ '1.1.3' ],
232 silly audit   '@radix-ui/react-compose-refs': [ '1.1.2' ],
232 silly audit   '@radix-ui/react-context': [ '1.1.2' ],
232 silly audit   '@radix-ui/react-direction': [ '1.1.1' ],
232 silly audit   '@radix-ui/react-focus-guards': [ '1.1.3' ],
232 silly audit   '@radix-ui/react-id': [ '1.1.1' ],
232 silly audit   '@radix-ui/react-slot': [ '1.2.0', '1.2.3' ],
232 silly audit   '@radix-ui/react-use-callback-ref': [ '1.1.1' ],
232 silly audit   '@radix-ui/react-use-controllable-state': [ '1.2.2' ],
232 silly audit   '@radix-ui/react-use-effect-event': [ '0.0.2' ],
232 silly audit   '@radix-ui/react-use-escape-keydown': [ '1.1.1' ],
232 silly audit   '@radix-ui/react-use-layout-effect': [ '1.1.1' ],
232 silly audit   '@react-native-async-storage/async-storage': [ '2.2.0' ],
232 silly audit   '@react-native/assets-registry': [ '0.81.5' ],
232 silly audit   '@react-native/babel-plugin-codegen': [ '0.81.5' ],
232 silly audit   '@react-native/babel-preset': [ '0.81.5' ],
232 silly audit   '@react-native/codegen': [ '0.81.5' ],
232 silly audit   'hermes-estree': [ '0.29.1', '0.32.0' ],
232 silly audit   'hermes-parser': [ '0.29.1', '0.32.0' ],
232 silly audit   '@react-native/community-cli-plugin': [ '0.81.5' ],
232 silly audit   '@react-native/debugger-frontend': [ '0.81.5' ],
232 silly audit   '@react-native/dev-middleware': [ '0.81.5' ],
232 silly audit   ws: [ '6.2.3', '7.5.10', '8.20.0' ],
232 silly audit   '@react-native/gradle-plugin': [ '0.81.5' ],
232 silly audit   '@react-native/js-polyfills': [ '0.81.5' ],
232 silly audit   '@react-native/normalize-colors': [ '0.81.5' ],
232 silly audit   '@react-native/virtualized-lists': [ '0.72.8', '0.81.5' ],
232 silly audit   '@react-navigation/bottom-tabs': [ '7.15.7' ],
232 silly audit   '@react-navigation/core': [ '7.17.0' ],
232 silly audit   '@react-navigation/elements': [ '2.9.12' ],
232 silly audit   '@react-navigation/native': [ '7.2.0' ],
232 silly audit   '@react-navigation/native-stack': [ '7.14.7' ],
232 silly audit   '@react-navigation/routers': [ '7.5.3' ],
232 silly audit   '@sinclair/typebox': [ '0.27.10' ],
232 silly audit   '@sinonjs/commons': [ '3.0.1' ],
232 silly audit   '@sinonjs/fake-timers': [ '10.3.0' ],
232 silly audit   '@supabase/auth-js': [ '2.100.0' ],
232 silly audit   '@supabase/functions-js': [ '2.100.0' ],
232 silly audit   '@supabase/phoenix': [ '0.4.0' ],
232 silly audit   '@supabase/postgrest-js': [ '2.100.0' ],
232 silly audit   '@supabase/realtime-js': [ '2.100.0' ],
232 silly audit   '@supabase/storage-js': [ '2.100.0' ],
232 silly audit   '@supabase/supabase-js': [ '2.100.0' ],
232 silly audit   '@types/babel__core': [ '7.20.5' ],
232 silly audit   '@types/babel__generator': [ '7.27.0' ],
232 silly audit   '@types/babel__template': [ '7.4.4' ],
232 silly audit   '@types/babel__traverse': [ '7.28.0' ],
232 silly audit   '@types/geojson': [ '7946.0.16' ],
232 silly audit   '@types/graceful-fs': [ '4.1.9' ],
232 silly audit   '@types/hammerjs': [ '2.0.46' ],
232 silly audit   '@types/istanbul-lib-coverage': [ '2.0.6' ],
232 silly audit   '@types/istanbul-lib-report': [ '3.0.3' ],
232 silly audit   '@types/istanbul-reports': [ '3.0.4' ],
232 silly audit   '@types/node': [ '25.5.0' ],
232 silly audit   '@types/react': [ '19.1.17' ],
232 silly audit   '@types/react-native': [ '0.72.8' ],
232 silly audit   '@types/stack-utils': [ '2.0.3' ],
232 silly audit   '@types/ws': [ '8.18.1' ],
232 silly audit   '@types/yargs': [ '17.0.35' ],
232 silly audit   '@types/yargs-parser': [ '21.0.3' ],
232 silly audit   '@ungap/structured-clone': [ '1.3.0' ],
232 silly audit   '@urql/core': [ '5.2.0' ],
232 silly audit   '@urql/exchange-retry': [ '1.3.2' ],
232 silly audit   '@xmldom/xmldom': [ '0.8.11' ],
232 silly audit   'abort-controller': [ '3.0.0' ],
232 silly audit   accepts: [ '1.3.8' ],
232 silly audit   acorn: [ '8.16.0' ],
232 silly audit   'agent-base': [ '7.1.4' ],
232 silly audit   anser: [ '1.4.10' ],
232 silly audit   'ansi-escapes': [ '4.3.2' ],
232 silly audit   'type-fest': [ '0.21.3', '0.7.1' ],
232 silly audit   'ansi-regex': [ '5.0.1', '4.1.1' ],
232 silly audit   'any-promise': [ '1.3.0' ],
232 silly audit   anymatch: [ '3.1.3' ],
232 silly audit   arg: [ '5.0.2' ],
232 silly audit   'aria-hidden': [ '1.2.6' ],
232 silly audit   'array-timsort': [ '1.0.3' ],
232 silly audit   asap: [ '2.0.6' ],
232 silly audit   assert: [ '2.1.0' ],
232 silly audit   'async-limiter': [ '1.0.1' ],
232 silly audit   'available-typed-arrays': [ '1.0.7' ],
232 silly audit   'babel-jest': [ '29.7.0' ],
232 silly audit   'babel-plugin-istanbul': [ '6.1.1' ],
232 silly audit   'babel-plugin-jest-hoist': [ '29.6.3' ],
232 silly audit   'babel-plugin-module-resolver': [ '5.0.3' ],
232 silly audit   'babel-plugin-polyfill-corejs2': [ '0.4.17' ],
232 silly audit   'babel-plugin-polyfill-corejs3': [ '0.13.0' ],
232 silly audit   'babel-plugin-polyfill-regenerator': [ '0.6.8' ],
232 silly audit   'babel-plugin-react-compiler': [ '1.0.0' ],
232 silly audit   'babel-plugin-react-native-web': [ '0.21.2' ],
232 silly audit   'babel-plugin-syntax-hermes-parser': [ '0.29.1' ],
232 silly audit   'babel-plugin-transform-flow-enums': [ '0.0.2' ],
232 silly audit   'babel-preset-current-node-syntax': [ '1.2.0' ],
232 silly audit   'babel-preset-jest': [ '29.6.3' ],
232 silly audit   badgin: [ '1.2.3' ],
232 silly audit   'base64-js': [ '1.5.1' ],
232 silly audit   'baseline-browser-mapping': [ '2.10.10' ],
232 silly audit   'better-opn': [ '3.0.2' ],
232 silly audit   open: [ '8.4.2', '7.4.2' ],
232 silly audit   'big-integer': [ '1.6.52' ],
232 silly audit   boolbase: [ '1.0.0' ],
232 silly audit   'bplist-creator': [ '0.1.0' ],
232 silly audit   'bplist-parser': [ '0.3.1' ],
232 silly audit   braces: [ '3.0.3' ],
232 silly audit   browserslist: [ '4.28.1' ],
232 silly audit   bser: [ '2.1.1' ],
232 silly audit   buffer: [ '5.7.1' ],
232 silly audit   'buffer-from': [ '1.1.2' ],
232 silly audit   bytes: [ '3.1.2' ],
232 silly audit   'call-bind': [ '1.0.8' ],
232 silly audit   'call-bind-apply-helpers': [ '1.0.2' ],
232 silly audit   'call-bound': [ '1.0.4' ],
232 silly audit   'caniuse-lite': [ '1.0.30001781' ],
232 silly audit   chownr: [ '3.0.0' ],
232 silly audit   'chrome-launcher': [ '0.15.2' ],
232 silly audit   'chromium-edge-launcher': [ '0.2.0' ],
232 silly audit   'ci-info': [ '2.0.0', '3.9.0' ],
232 silly audit   'cli-cursor': [ '2.1.0' ],
232 silly audit   'cli-spinners': [ '2.9.2' ],
232 silly audit   'client-only': [ '0.0.1' ],
232 silly audit   cliui: [ '8.0.1' ],
232 silly audit   clone: [ '1.0.4' ],
232 silly audit   color: [ '4.2.3', '3.2.1' ],
232 silly audit   'color-string': [ '1.9.1' ],
232 silly audit   commander: [ '7.2.0', '12.1.0', '4.1.1', '2.20.3' ],
232 silly audit   'comment-json': [ '4.6.2' ],
232 silly audit   compressible: [ '2.0.18' ],
232 silly audit   compression: [ '1.8.1' ],
232 silly audit   ms: [ '2.0.0', '2.1.3' ],
232 silly audit   negotiator: [ '0.6.4', '0.6.3' ],
232 silly audit   'concat-map': [ '0.0.1' ],
232 silly audit   connect: [ '3.7.0' ],
232 silly audit   'convert-source-map': [ '2.0.0' ],
232 silly audit   'core-js-compat': [ '3.49.0' ],
232 silly audit   'cross-spawn': [ '7.0.6' ],
232 silly audit   'css-select': [ '5.2.2' ],
232 silly audit   'css-tree': [ '1.1.3' ],
232 silly audit   'source-map': [ '0.6.1', '0.5.7' ],
232 silly audit   'css-what': [ '6.2.2' ],
232 silly audit   csstype: [ '3.2.3' ],
232 silly audit   'date-fns': [ '3.6.0' ],
232 silly audit   'decode-uri-component': [ '0.2.2' ],
232 silly audit   'deep-extend': [ '0.6.0' ],
232 silly audit   defaults: [ '1.0.4' ],
232 silly audit   'define-data-property': [ '1.1.4' ],
232 silly audit   'define-lazy-prop': [ '2.0.0' ],
232 silly audit   'define-properties': [ '1.2.1' ],
232 silly audit   depd: [ '2.0.0' ],
232 silly audit   destroy: [ '1.2.0' ],
232 silly audit   'detect-libc': [ '1.0.3', '2.1.2' ],
232 silly audit   'detect-node-es': [ '1.1.0' ],
232 silly audit   'dom-serializer': [ '2.0.0' ],
232 silly audit   domelementtype: [ '2.3.0' ],
232 silly audit   domhandler: [ '5.0.3' ],
232 silly audit   domutils: [ '3.2.2' ],
232 silly audit   dotenv: [ '16.4.7' ],
232 silly audit   'dotenv-expand': [ '11.0.7' ],
232 silly audit   'dunder-proto': [ '1.0.1' ],
232 silly audit   'ee-first': [ '1.1.1' ],
232 silly audit   'electron-to-chromium': [ '1.5.323' ],
232 silly audit   'emoji-regex': [ '8.0.0' ],
232 silly audit   encodeurl: [ '1.0.2', '2.0.0' ],
232 silly audit   entities: [ '4.5.0' ],
232 silly audit   'env-editor': [ '0.4.2' ],
232 silly audit   'error-stack-parser': [ '2.1.4' ],
232 silly audit   'es-define-property': [ '1.0.1' ],
232 silly audit   'es-errors': [ '1.3.0' ],
232 silly audit   'es-object-atoms': [ '1.1.1' ],
232 silly audit   escalade: [ '3.2.0' ],
232 silly audit   'escape-html': [ '1.0.3' ],
232 silly audit   esprima: [ '4.0.1' ],
232 silly audit   etag: [ '1.8.1' ],
232 silly audit   'event-target-shim': [ '5.0.1' ],
232 silly audit   expo: [ '54.0.33' ],
232 silly audit   'expo-application': [ '7.0.8' ],
232 silly audit   'expo-constants': [ '18.0.13' ],
232 silly audit   'expo-font': [ '14.0.11' ],
232 silly audit   'expo-image': [ '3.0.11' ],
232 silly audit   'expo-image-loader': [ '6.0.0' ],
232 silly audit   'expo-image-picker': [ '17.0.10' ],
232 silly audit   'expo-linear-gradient': [ '15.0.8' ],
232 silly audit   'expo-linking': [ '8.0.11' ],
232 silly audit   'expo-location': [ '19.0.8' ],
232 silly audit   'expo-modules-autolinking': [ '3.0.24' ],
232 silly audit   'expo-modules-core': [ '3.0.29' ],
232 silly audit   'expo-notifications': [ '0.32.16' ],
232 silly audit   'expo-router': [ '6.0.23' ],
232 silly audit   '@expo/metro-runtime': [ '6.1.2' ],
232 silly audit   '@radix-ui/react-collection': [ '1.1.7' ],
232 silly audit   '@radix-ui/react-presence': [ '1.1.5' ],
232 silly audit   '@radix-ui/react-primitive': [ '2.1.3' ],
232 silly audit   '@radix-ui/react-roving-focus': [ '1.1.11' ],
232 silly audit   '@radix-ui/react-tabs': [ '1.1.13' ],
232 silly audit   'expo-secure-store': [ '15.0.8' ],
232 silly audit   'expo-server': [ '1.0.5' ],
232 silly audit   'expo-splash-screen': [ '31.0.13' ],
232 silly audit   'expo-status-bar': [ '3.0.9' ],
232 silly audit   'expo-web-browser': [ '15.0.10' ],
232 silly audit   '@expo/cli': [ '54.0.23' ],
232 silly audit   '@expo/metro-config': [ '54.0.14' ],
232 silly audit   'babel-preset-expo': [ '54.0.10' ],
232 silly audit   'expo-asset': [ '12.0.12' ],
232 silly audit   'expo-file-system': [ '19.0.21' ],
232 silly audit   'expo-keep-awake': [ '15.0.8' ],
232 silly audit   lightningcss: [ '1.32.0', '1.27.0' ],
232 silly audit   'lightningcss-darwin-arm64': [ '1.32.0', '1.27.0' ],
232 silly audit   'lightningcss-darwin-x64': [ '1.32.0', '1.27.0' ],
232 silly audit   'lightningcss-freebsd-x64': [ '1.32.0', '1.27.0' ],
232 silly audit   'lightningcss-linux-arm-gnueabihf': [ '1.32.0', '1.27.0' ],
232 silly audit   'lightningcss-linux-arm64-gnu': [ '1.32.0', '1.27.0' ],
232 silly audit   'lightningcss-linux-arm64-musl': [ '1.32.0', '1.27.0' ],
232 silly audit   'lightningcss-linux-x64-gnu': [ '1.32.0', '1.27.0' ],
232 silly audit   'lightningcss-linux-x64-musl': [ '1.32.0', '1.27.0' ],
232 silly audit   'lightningcss-win32-arm64-msvc': [ '1.32.0', '1.27.0' ],
232 silly audit   'lightningcss-win32-x64-msvc': [ '1.32.0', '1.27.0' ],
232 silly audit   picomatch: [ '3.0.2', '2.3.2', '4.0.4' ],
232 silly audit   postcss: [ '8.4.49', '8.5.8' ],
232 silly audit   'exponential-backoff': [ '3.1.3' ],
232 silly audit   'fast-deep-equal': [ '3.1.3' ],
232 silly audit   'fast-json-stable-stringify': [ '2.1.0' ],
232 silly audit   'fb-watchman': [ '2.0.2' ],
232 silly audit   'fill-range': [ '7.1.1' ],
232 silly audit   'filter-obj': [ '1.1.0' ],
232 silly audit   finalhandler: [ '1.1.2' ],
232 silly audit   'find-babel-config': [ '2.1.2' ],
232 silly audit   'flow-enums-runtime': [ '0.0.6' ],
232 silly audit   fontfaceobserver: [ '2.3.0' ],
232 silly audit   'for-each': [ '0.3.5' ],
232 silly audit   'framer-motion': [ '6.5.1' ],
232 silly audit   framesync: [ '6.0.1' ],
232 silly audit   'freeport-async': [ '2.0.0' ],
232 silly audit   fresh: [ '0.5.2' ],
232 silly audit   'fs.realpath': [ '1.0.0' ],
232 silly audit   fsevents: [ '2.3.3' ],
232 silly audit   'function-bind': [ '1.1.2' ],
232 silly audit   'generator-function': [ '2.0.1' ],
232 silly audit   gensync: [ '1.0.0-beta.2' ],
232 silly audit   'get-caller-file': [ '2.0.5' ],
232 silly audit   'get-intrinsic': [ '1.3.0' ],
232 silly audit   'get-nonce': [ '1.0.1' ],
232 silly audit   'get-package-type': [ '0.1.0' ],
232 silly audit   'get-proto': [ '1.0.1' ],
232 silly audit   getenv: [ '2.0.0' ],
232 silly audit   gopd: [ '1.2.0' ],
232 silly audit   'graceful-fs': [ '4.2.11' ],
232 silly audit   'has-property-descriptors': [ '1.0.2' ],
232 silly audit   'has-symbols': [ '1.1.0' ],
232 silly audit   'has-tostringtag': [ '1.0.2' ],
232 silly audit   hasown: [ '2.0.2' ],
232 silly audit   'hey-listen': [ '1.0.8' ],
232 silly audit   'hoist-non-react-statics': [ '3.3.2' ],
232 silly audit   'react-is': [ '16.13.1', '18.3.1', '19.2.4' ],
232 silly audit   'hosted-git-info': [ '7.0.2' ],
232 silly audit   'http-errors': [ '2.0.1' ],
232 silly audit   statuses: [ '2.0.2', '1.5.0' ],
232 silly audit   'https-proxy-agent': [ '7.0.6' ],
232 silly audit   'iceberg-js': [ '0.8.1' ],
232 silly audit   ieee754: [ '1.2.1' ],
232 silly audit   ignore: [ '5.3.2' ],
232 silly audit   'image-size': [ '1.2.1' ],
232 silly audit   imurmurhash: [ '0.1.4' ],
232 silly audit   inflight: [ '1.0.6' ],
232 silly audit   inherits: [ '2.0.4' ],
232 silly audit   ini: [ '1.3.8' ],
232 silly audit   install: [ '0.13.0' ],
232 silly audit   invariant: [ '2.2.4' ],
232 silly audit   'is-arguments': [ '1.2.0' ],
232 silly audit   'is-arrayish': [ '0.3.4' ],
232 silly audit   'is-callable': [ '1.2.7' ],
232 silly audit   'is-core-module': [ '2.16.1' ],
232 silly audit   'is-docker': [ '2.2.1' ],
232 silly audit   'is-fullwidth-code-point': [ '3.0.0' ],
232 silly audit   'is-generator-function': [ '1.1.2' ],
232 silly audit   'is-nan': [ '1.3.2' ],
232 silly audit   'is-number': [ '7.0.0' ],
232 silly audit   'is-plain-obj': [ '2.1.0' ],
232 silly audit   'is-regex': [ '1.2.1' ],
232 silly audit   'is-typed-array': [ '1.1.15' ],
232 silly audit   'is-wsl': [ '2.2.0' ],
232 silly audit   isexe: [ '2.0.0' ],
232 silly audit   'istanbul-lib-coverage': [ '3.2.2' ],
232 silly audit   'istanbul-lib-instrument': [ '5.2.1' ],
232 silly audit   'jest-environment-node': [ '29.7.0' ],
232 silly audit   'jest-get-type': [ '29.6.3' ],
232 silly audit   'jest-haste-map': [ '29.7.0' ],
232 silly audit   'jest-message-util': [ '29.7.0' ],
232 silly audit   'jest-mock': [ '29.7.0' ],
232 silly audit   'jest-regex-util': [ '29.6.3' ],
232 silly audit   'jest-util': [ '29.7.0' ],
232 silly audit   'jest-validate': [ '29.7.0' ],
232 silly audit   'jest-worker': [ '29.7.0' ],
232 silly audit   'jimp-compact': [ '0.16.1' ],
232 silly audit   'js-tokens': [ '4.0.0' ],
232 silly audit   'jsc-safe-url': [ '0.2.4' ],
232 silly audit   jsesc: [ '3.1.0' ],
232 silly audit   json5: [ '2.2.3' ],
232 silly audit   kleur: [ '3.0.3' ],
232 silly audit   'lan-network': [ '0.1.7' ],
232 silly audit   leven: [ '3.1.0' ],
232 silly audit   'lighthouse-logger': [ '1.4.2' ],
232 silly audit   'lightningcss-android-arm64': [ '1.32.0' ],
232 silly audit   'lines-and-columns': [ '1.2.4' ],
232 silly audit   'lodash.debounce': [ '4.0.8' ],
232 silly audit   'lodash.throttle': [ '4.1.1' ],
232 silly audit   'log-symbols': [ '2.2.0' ],
232 silly audit   'loose-envify': [ '1.4.0' ],
232 silly audit   makeerror: [ '1.0.12' ],
232 silly audit   marky: [ '1.3.0' ],
232 silly audit   'math-intrinsics': [ '1.1.0' ],
232 silly audit   'mdn-data': [ '2.0.14' ],
232 silly audit   'memoize-one': [ '5.2.1' ],
232 silly audit   'merge-options': [ '3.0.4' ],
232 silly audit   'merge-stream': [ '2.0.0' ],
232 silly audit   metro: [ '0.83.3' ],
232 silly audit   'metro-babel-transformer': [ '0.83.3' ],
232 silly audit   'metro-cache': [ '0.83.3' ],
232 silly audit   'metro-cache-key': [ '0.83.3' ],
232 silly audit   'metro-config': [ '0.83.3' ],
232 silly audit   'metro-core': [ '0.83.3' ],
232 silly audit   'metro-file-map': [ '0.83.3' ],
232 silly audit   'metro-minify-terser': [ '0.83.3' ],
232 silly audit   'metro-resolver': [ '0.83.3' ],
232 silly audit   'metro-runtime': [ '0.83.3' ],
232 silly audit   'metro-source-map': [ '0.83.3' ],
232 silly audit   'metro-symbolicate': [ '0.83.3' ],
232 silly audit   'metro-transform-plugins': [ '0.83.3' ],
232 silly audit   'metro-transform-worker': [ '0.83.3' ],
232 silly audit   micromatch: [ '4.0.8' ],
232 silly audit   mime: [ '1.6.0' ],
232 silly audit   'mime-db': [ '1.52.0' ],
232 silly audit   'mime-types': [ '2.1.35' ],
232 silly audit   'mimic-fn': [ '1.2.0' ],
232 silly audit   minimist: [ '1.2.8' ],
232 silly audit   minizlib: [ '3.1.0' ],
232 silly audit   mkdirp: [ '1.0.4' ],
232 silly audit   moti: [ '0.29.0' ],
232 silly audit   mz: [ '2.7.0' ],
232 silly audit   nanoid: [ '3.3.11' ],
232 silly audit   nativewind: [ '4.2.3' ],
232 silly audit   'nested-error-stacks': [ '2.0.1' ],
232 silly audit   'node-forge': [ '1.4.0' ],
232 silly audit   'node-int64': [ '0.4.0' ],
232 silly audit   'node-releases': [ '2.0.36' ],
232 silly audit   'normalize-path': [ '3.0.0' ],
232 silly audit   'npm-package-arg': [ '11.0.3' ],
232 silly audit   'nth-check': [ '2.1.1' ],
232 silly audit   nullthrows: [ '1.1.1' ],
232 silly audit   ob1: [ '0.83.3' ],
232 silly audit   'object-assign': [ '4.1.1' ],
232 silly audit   'object-is': [ '1.1.6' ],
232 silly audit   'object-keys': [ '1.1.1' ],
232 silly audit   'object.assign': [ '4.1.7' ],
232 silly audit   'on-finished': [ '2.3.0', '2.4.1' ],
232 silly audit   'on-headers': [ '1.1.0' ],
232 silly audit   once: [ '1.4.0' ],
232 silly audit   onetime: [ '2.0.1' ],
232 silly audit   ora: [ '3.4.0' ],
232 silly audit   'strip-ansi': [ '5.2.0', '6.0.1' ],
232 silly audit   'p-try': [ '2.2.0' ],
232 silly audit   'parse-png': [ '2.1.0' ],
232 silly audit   parseurl: [ '1.3.3' ],
232 silly audit   'path-is-absolute': [ '1.0.1' ],
232 silly audit   'path-key': [ '3.1.1' ],
232 silly audit   'path-parse': [ '1.0.7' ],
232 silly audit   picocolors: [ '1.1.1' ],
232 silly audit   pirates: [ '4.0.7' ],
232 silly audit   'pkg-up': [ '3.1.0' ],
232 silly audit   plist: [ '3.1.0' ],
232 silly audit   pngjs: [ '3.4.0' ],
232 silly audit   popmotion: [ '11.0.3' ],
232 silly audit   'possible-typed-array-names': [ '1.1.0' ],
232 silly audit   'pretty-bytes': [ '5.6.0' ],
232 silly audit   'pretty-format': [ '29.7.0' ],
232 silly audit   'proc-log': [ '4.2.0' ],
232 silly audit   progress: [ '2.0.3' ],
232 silly audit   promise: [ '8.3.0' ],
232 silly audit   prompts: [ '2.4.2' ],
232 silly audit   punycode: [ '2.3.1' ],
232 silly audit   'qrcode-terminal': [ '0.11.0' ],
232 silly audit   'query-string': [ '7.1.3' ],
232 silly audit   queue: [ '6.0.2' ],
232 silly audit   'range-parser': [ '1.2.1' ],
232 silly audit   rc: [ '1.2.8' ],
232 silly audit   react: [ '19.1.0' ],
232 silly audit   'react-devtools-core': [ '6.1.5' ],
232 silly audit   'react-fast-compare': [ '3.2.2' ],
232 silly audit   'react-freeze': [ '1.0.4' ],
232 silly audit   'react-hook-form': [ '7.72.0' ],
232 silly audit   'react-native': [ '0.81.5' ],
232 silly audit   'react-native-css-interop': [ '0.2.3' ],
232 silly audit   'react-native-gesture-handler': [ '2.28.0' ],
232 silly audit   'react-native-is-edge-to-edge': [ '1.3.1' ],
232 silly audit   'react-native-maps': [ '1.20.1' ],
232 silly audit   'react-native-paper': [ '5.15.0' ],
232 silly audit   'react-native-reanimated': [ '4.1.7' ],
232 silly audit   'react-native-safe-area-context': [ '5.6.2' ],
232 silly audit   'react-native-screens': [ '4.16.0' ],
232 silly audit   'react-native-svg': [ '15.12.1' ],
232 silly audit   'react-native-worklets': [ '0.5.1' ],
232 silly audit   scheduler: [ '0.26.0', '0.27.0' ],
232 silly audit   'react-refresh': [ '0.14.2' ],
232 silly audit   'react-remove-scroll': [ '2.7.2' ],
232 silly audit   'react-remove-scroll-bar': [ '2.3.8' ],
232 silly audit   'react-style-singleton': [ '2.2.3' ],
232 silly audit   regenerate: [ '1.4.2' ],
232 silly audit   'regenerate-unicode-properties': [ '10.2.2' ],
232 silly audit   'regenerator-runtime': [ '0.13.11' ],
232 silly audit   'regexpu-core': [ '6.4.0' ],
232 silly audit   regjsgen: [ '0.8.0' ],
232 silly audit   regjsparser: [ '0.13.0' ],
232 silly audit   'require-directory': [ '2.1.1' ],
232 silly audit   'require-from-string': [ '2.0.2' ],
232 silly audit   requireg: [ '0.2.2' ],
232 silly audit   resolve: [ '1.7.1', '1.22.11' ],
232 silly audit   reselect: [ '4.1.8' ],
232 silly audit   'resolve-from': [ '5.0.0' ],
232 silly audit   'resolve-workspace-root': [ '2.0.1' ],
232 silly audit   'resolve.exports': [ '2.0.3' ],
232 silly audit   'restore-cursor': [ '2.0.0' ],
232 silly audit   rimraf: [ '3.0.2' ],
232 silly audit   'safe-buffer': [ '5.2.1' ],
232 silly audit   'safe-regex-test': [ '1.1.0' ],
232 silly audit   sax: [ '1.6.0' ],
232 silly audit   send: [ '0.19.2' ],
232 silly audit   'serialize-error': [ '2.1.0' ],
232 silly audit   'serve-static': [ '1.16.3' ],
232 silly audit   'server-only': [ '0.0.1' ],
232 silly audit   'set-function-length': [ '1.2.2' ],
232 silly audit   setprototypeof: [ '1.2.0' ],
232 silly audit   'sf-symbols-typescript': [ '2.2.0' ],
232 silly audit   shallowequal: [ '1.1.0' ],
232 silly audit   'shebang-command': [ '2.0.0' ],
232 silly audit   'shebang-regex': [ '3.0.0' ],
232 silly audit   'shell-quote': [ '1.8.3' ],
232 silly audit   'signal-exit': [ '3.0.7' ],
232 silly audit   'simple-plist': [ '1.3.1' ],
232 silly audit   'simple-swizzle': [ '0.2.4' ],
232 silly audit   sisteransi: [ '1.0.5' ],
232 silly audit   slash: [ '3.0.0' ],
232 silly audit   slugify: [ '1.6.8' ],
232 silly audit   'source-map-js': [ '1.2.1' ],
232 silly audit   'source-map-support': [ '0.5.21' ],
232 silly audit   'split-on-first': [ '1.1.0' ],
232 silly audit   'sprintf-js': [ '1.0.3' ],
232 silly audit   'stack-utils': [ '2.0.6' ],
232 silly audit   stackframe: [ '1.3.4' ],
232 silly audit   'stacktrace-parser': [ '0.1.11' ],
232 silly audit   'stream-buffers': [ '2.2.0' ],
232 silly audit   'strict-uri-encode': [ '2.0.0' ],
232 silly audit   'string-width': [ '4.2.3' ],
232 silly audit   'strip-json-comments': [ '2.0.1' ],
232 silly audit   'structured-headers': [ '0.4.1' ],
232 silly audit   'style-value-types': [ '5.0.0' ],
232 silly audit   sucrase: [ '3.35.1' ],
232 silly audit   'supports-hyperlinks': [ '2.3.0' ],
232 silly audit   'supports-preserve-symlinks-flag': [ '1.0.0' ],
232 silly audit   tar: [ '7.5.13' ],
232 silly audit   yallist: [ '5.0.0', '3.1.1' ],
232 silly audit   'terminal-link': [ '2.1.1' ],
232 silly audit   terser: [ '5.46.1' ],
232 silly audit   'test-exclude': [ '6.0.0' ],
232 silly audit   thenify: [ '3.3.1' ],
232 silly audit   'thenify-all': [ '1.6.0' ],
232 silly audit   throat: [ '5.0.0' ],
232 silly audit   tinyglobby: [ '0.2.15' ],
232 silly audit   fdir: [ '6.5.0' ],
232 silly audit   tmpl: [ '1.0.5' ],
232 silly audit   'to-regex-range': [ '5.0.1' ],
232 silly audit   toidentifier: [ '1.0.1' ],
232 silly audit   'ts-interface-checker': [ '0.1.13' ],
232 silly audit   tslib: [ '2.8.1' ],
232 silly audit   'type-detect': [ '4.0.8' ],
232 silly audit   typescript: [ '5.9.3' ],
232 silly audit   undici: [ '6.24.1' ],
232 silly audit   'undici-types': [ '7.18.2' ],
232 silly audit   'unicode-canonical-property-names-ecmascript': [ '2.0.1' ],
232 silly audit   'unicode-match-property-ecmascript': [ '2.0.0' ],
232 silly audit   'unicode-match-property-value-ecmascript': [ '2.2.1' ],
232 silly audit   'unicode-property-aliases-ecmascript': [ '2.2.0' ],
232 silly audit   unpipe: [ '1.0.0' ],
232 silly audit   'update-browserslist-db': [ '1.2.3' ],
232 silly audit   'use-callback-ref': [ '1.3.3' ],
232 silly audit   'use-latest-callback': [ '0.2.6' ],
232 silly audit   'use-sidecar': [ '1.1.3' ],
232 silly audit   'use-sync-external-store': [ '1.6.0' ],
232 silly audit   util: [ '0.12.5' ],
232 silly audit   'utils-merge': [ '1.0.1' ],
232 silly audit   uuid: [ '7.0.3' ],
232 silly audit   'validate-npm-package-name': [ '5.0.1' ],
232 silly audit   vary: [ '1.1.2' ],
232 silly audit   vaul: [ '1.1.2' ],
232 silly audit   '@radix-ui/react-dialog': [ '1.1.15' ],
232 silly audit   '@radix-ui/react-dismissable-layer': [ '1.1.11' ],
232 silly audit   '@radix-ui/react-focus-scope': [ '1.1.7' ],
232 silly audit   '@radix-ui/react-portal': [ '1.1.9' ],
232 silly audit   vlq: [ '1.0.1' ],
232 silly audit   walker: [ '1.0.8' ],
232 silly audit   'warn-once': [ '0.1.1' ],
232 silly audit   wcwidth: [ '1.0.1' ],
232 silly audit   'webidl-conversions': [ '5.0.0' ],
232 silly audit   'whatwg-fetch': [ '3.6.20' ],
232 silly audit   'whatwg-url-without-unicode': [ '8.0.0-3' ],
232 silly audit   which: [ '2.0.2' ],
232 silly audit   'which-typed-array': [ '1.1.20' ],
232 silly audit   wonka: [ '6.3.6' ],
232 silly audit   'wrap-ansi': [ '7.0.0' ],
232 silly audit   wrappy: [ '1.0.2' ],
232 silly audit   'write-file-atomic': [ '4.0.2' ],
232 silly audit   xcode: [ '3.0.1' ],
232 silly audit   xml2js: [ '0.6.0' ],
232 silly audit   xmlbuilder: [ '11.0.1', '15.1.1' ],
232 silly audit   y18n: [ '5.0.8' ],
232 silly audit   yaml: [ '2.8.3' ],
232 silly audit   yargs: [ '17.7.2' ],
232 silly audit   'yargs-parser': [ '21.1.1' ],
232 silly audit   'yocto-queue': [ '0.1.0' ],
232 silly audit   zod: [ '3.25.76' ],
232 silly audit   zustand: [ '4.5.7' ],
232 silly audit   'react-dom': [ '19.2.4' ],
232 silly audit   tailwindcss: [ '3.4.19' ],
232 silly audit   '@alloc/quick-lru': [ '5.2.0' ],
232 silly audit   chokidar: [ '3.6.0' ],
232 silly audit   didyoumean: [ '1.2.2' ],
232 silly audit   dlv: [ '1.1.3' ],
232 silly audit   'fast-glob': [ '3.3.3' ],
232 silly audit   'glob-parent': [ '6.0.2', '5.1.2' ],
232 silly audit   'is-glob': [ '4.0.3' ],
232 silly audit   jiti: [ '1.21.7' ],
232 silly audit   lilconfig: [ '3.1.3' ],
232 silly audit   'object-hash': [ '3.0.0' ],
232 silly audit   'postcss-import': [ '15.1.0' ],
232 silly audit   'postcss-js': [ '4.1.0' ],
232 silly audit   'postcss-load-config': [ '6.0.1' ],
232 silly audit   'postcss-nested': [ '6.2.0' ],
232 silly audit   'postcss-selector-parser': [ '6.1.2' ],
232 silly audit   'is-binary-path': [ '2.1.0' ],
232 silly audit   readdirp: [ '3.6.0' ],
232 silly audit   '@nodelib/fs.stat': [ '2.0.5' ],
232 silly audit   '@nodelib/fs.walk': [ '1.2.8' ],
232 silly audit   merge2: [ '1.4.1' ],
232 silly audit   '@nodelib/fs.scandir': [ '2.1.5' ],
232 silly audit   fastq: [ '1.20.1' ],
232 silly audit   'run-parallel': [ '1.2.0' ],
232 silly audit   reusify: [ '1.1.0' ],
232 silly audit   'binary-extensions': [ '2.3.0' ],
232 silly audit   'is-extglob': [ '2.1.1' ],
232 silly audit   'postcss-value-parser': [ '4.2.0' ],
232 silly audit   'read-cache': [ '1.0.0' ],
232 silly audit   'camelcase-css': [ '2.0.1' ],
232 silly audit   cssesc: [ '3.0.0' ],
232 silly audit   'util-deprecate': [ '1.0.2' ],
232 silly audit   pify: [ '2.3.0' ],
232 silly audit   'queue-microtask': [ '1.2.3' ]
232 silly audit }
233 http cache queue-microtask@https://registry.npmjs.org/queue-microtask/-/queue-microtask-1.2.3.tgz 0ms (cache hit)
234 http cache pify@https://registry.npmjs.org/pify/-/pify-2.3.0.tgz 0ms (cache hit)
235 http cache util-deprecate@https://registry.npmjs.org/util-deprecate/-/util-deprecate-1.0.2.tgz 0ms (cache hit)
236 http cache camelcase-css@https://registry.npmjs.org/camelcase-css/-/camelcase-css-2.0.1.tgz 0ms (cache hit)
237 http cache postcss-value-parser@https://registry.npmjs.org/postcss-value-parser/-/postcss-value-parser-4.2.0.tgz 0ms (cache hit)
238 http cache read-cache@https://registry.npmjs.org/read-cache/-/read-cache-1.0.0.tgz 0ms (cache hit)
239 http cache cssesc@https://registry.npmjs.org/cssesc/-/cssesc-3.0.0.tgz 0ms (cache hit)
240 http cache is-extglob@https://registry.npmjs.org/is-extglob/-/is-extglob-2.1.1.tgz 0ms (cache hit)
241 http cache binary-extensions@https://registry.npmjs.org/binary-extensions/-/binary-extensions-2.3.0.tgz 0ms (cache hit)
242 http cache run-parallel@https://registry.npmjs.org/run-parallel/-/run-parallel-1.2.0.tgz 0ms (cache hit)
243 http cache reusify@https://registry.npmjs.org/reusify/-/reusify-1.1.0.tgz 0ms (cache hit)
244 http cache fastq@https://registry.npmjs.org/fastq/-/fastq-1.20.1.tgz 0ms (cache hit)
245 http cache merge2@https://registry.npmjs.org/merge2/-/merge2-1.4.1.tgz 0ms (cache hit)
246 http cache @nodelib/fs.scandir@https://registry.npmjs.org/@nodelib/fs.scandir/-/fs.scandir-2.1.5.tgz 0ms (cache hit)
247 http cache readdirp@https://registry.npmjs.org/readdirp/-/readdirp-3.6.0.tgz 0ms (cache hit)
248 http cache is-binary-path@https://registry.npmjs.org/is-binary-path/-/is-binary-path-2.1.0.tgz 0ms (cache hit)
249 http cache @nodelib/fs.walk@https://registry.npmjs.org/@nodelib/fs.walk/-/fs.walk-1.2.8.tgz 0ms (cache hit)
250 http cache postcss-selector-parser@https://registry.npmjs.org/postcss-selector-parser/-/postcss-selector-parser-6.1.2.tgz 0ms (cache hit)
251 http cache @nodelib/fs.stat@https://registry.npmjs.org/@nodelib/fs.stat/-/fs.stat-2.0.5.tgz 0ms (cache hit)
252 http cache postcss-js@https://registry.npmjs.org/postcss-js/-/postcss-js-4.1.0.tgz 0ms (cache hit)
253 http cache postcss-import@https://registry.npmjs.org/postcss-import/-/postcss-import-15.1.0.tgz 0ms (cache hit)
254 http cache postcss-load-config@https://registry.npmjs.org/postcss-load-config/-/postcss-load-config-6.0.1.tgz 0ms (cache hit)
255 http cache object-hash@https://registry.npmjs.org/object-hash/-/object-hash-3.0.0.tgz 0ms (cache hit)
256 http cache lilconfig@https://registry.npmjs.org/lilconfig/-/lilconfig-3.1.3.tgz 0ms (cache hit)
257 http cache postcss@https://registry.npmjs.org/postcss/-/postcss-8.5.8.tgz 0ms (cache hit)
258 http cache jiti@https://registry.npmjs.org/jiti/-/jiti-1.21.7.tgz 0ms (cache hit)
259 http cache postcss-nested@https://registry.npmjs.org/postcss-nested/-/postcss-nested-6.2.0.tgz 0ms (cache hit)
260 http cache fast-glob@https://registry.npmjs.org/fast-glob/-/fast-glob-3.3.3.tgz 0ms (cache hit)
261 http cache is-glob@https://registry.npmjs.org/is-glob/-/is-glob-4.0.3.tgz 0ms (cache hit)
262 http cache glob-parent@https://registry.npmjs.org/glob-parent/-/glob-parent-6.0.2.tgz 0ms (cache hit)
263 http cache @alloc/quick-lru@https://registry.npmjs.org/@alloc/quick-lru/-/quick-lru-5.2.0.tgz 0ms (cache hit)
264 http cache didyoumean@https://registry.npmjs.org/didyoumean/-/didyoumean-1.2.2.tgz 0ms (cache hit)
265 http cache dlv@https://registry.npmjs.org/dlv/-/dlv-1.1.3.tgz 0ms (cache hit)
266 http cache chokidar@https://registry.npmjs.org/chokidar/-/chokidar-3.6.0.tgz 0ms (cache hit)
267 http cache scheduler@https://registry.npmjs.org/scheduler/-/scheduler-0.27.0.tgz 0ms (cache hit)
268 http cache tailwindcss@https://registry.npmjs.org/tailwindcss/-/tailwindcss-3.4.19.tgz 0ms (cache hit)
269 http cache glob-parent@https://registry.npmjs.org/glob-parent/-/glob-parent-5.1.2.tgz 1ms (cache hit)
270 http cache glob-parent@https://registry.npmjs.org/glob-parent/-/glob-parent-5.1.2.tgz 0ms (cache hit)
271 http cache react-dom@https://registry.npmjs.org/react-dom/-/react-dom-19.2.4.tgz 0ms (cache hit)
272 silly tarball no local data for postcss@https://registry.npmjs.org/postcss/-/postcss-8.5.8.tgz. Extracting by manifest.
273 http fetch POST 200 https://registry.npmjs.org/-/npm/v1/security/advisories/bulk 218ms
274 silly audit report {}
275 http fetch GET 200 https://registry.npmjs.org/postcss/-/postcss-8.5.8.tgz 235ms (cache miss)
276 silly ADD node_modules/queue-microtask
277 silly ADD node_modules/pify
278 silly ADD node_modules/util-deprecate
279 silly ADD node_modules/cssesc
280 silly ADD node_modules/camelcase-css
281 silly ADD node_modules/read-cache
282 silly ADD node_modules/postcss-value-parser
283 silly ADD node_modules/is-extglob
284 silly ADD node_modules/binary-extensions
285 silly ADD node_modules/reusify
286 silly ADD node_modules/run-parallel
287 silly ADD node_modules/fastq
288 silly ADD node_modules/@nodelib/fs.scandir
289 silly ADD node_modules/merge2
290 silly ADD node_modules/@nodelib/fs.walk
291 silly ADD node_modules/@nodelib/fs.stat
292 silly ADD node_modules/readdirp
293 silly ADD node_modules/is-binary-path
294 silly ADD node_modules/postcss-selector-parser
295 silly ADD node_modules/postcss-nested
296 silly ADD node_modules/postcss-load-config
297 silly ADD node_modules/postcss-js
298 silly ADD node_modules/postcss-import
299 silly ADD node_modules/postcss
300 silly ADD node_modules/object-hash
301 silly ADD node_modules/lilconfig
302 silly ADD node_modules/jiti
303 silly ADD node_modules/is-glob
304 silly ADD node_modules/glob-parent
305 silly ADD node_modules/fast-glob
306 silly ADD node_modules/fast-glob/node_modules/glob-parent
307 silly ADD node_modules/dlv
308 silly ADD node_modules/didyoumean
309 silly ADD node_modules/chokidar
310 silly ADD node_modules/chokidar/node_modules/glob-parent
311 silly ADD node_modules/@alloc/quick-lru
312 silly ADD node_modules/tailwindcss
313 silly ADD node_modules/scheduler
314 silly ADD node_modules/react-dom
315 verbose cwd C:\Users\FearCleevan\Desktop\Projects\rentapp
316 verbose os Windows_NT 10.0.26200
317 verbose node v22.17.0
318 verbose npm  v11.4.2
319 verbose exit 0
320 info ok
